Simcenter Samcef: Running module bacon
 User requested workspace             250000000 words  (    2000 MBytes)
 Memory allocation / DB               125000000 /     125000000 words
@@@CSH:SMGINI: BACON
@@@CSH:SMGINT: PID =     7832 : Current Process ID
 Release 2406 - Build 2406.3011.146 - Date 06-Apr-2024 (LONG INTEGERS)
 Graphic driver used: Windows   
 
 >>> Sold-to info: SoldTO: 1471462 - Universite de Liege Webkey: RA0FB70IM5 <<<

 Input 1>!
 Input 1>!                     ===================================
 Input 1>!                     Program <BACON> - Version 2406
 Input 1>!                     ===================================
 Input 1>!
 Input 1>!
 Input 1>MODE M 1
 Spy file :  9 - "C:\Users\tbeau\OneDrive\Documents\Universite\BAC3\F.E.M\FEM-project_24-25\1_ Singularity\Q6 with singularity\belay_v3_sim1-Solution_1.spy"
 Input 1>INPUT INIT
 Input 1>EXIT
 Input12>! $$$$$$$$$$$$$$$$$$$$$$$$$$$$$$$$$$$$$$$$$$$$$$$$$$$$$$$$$$$$$$$$$$$$$$$$$
 Input12>!
 Input12>!              NX 2406 TRANSLATOR
 Input12>!   This file is compatible with Simcenter Samcef 2406 (30.1-01) and next versions
 Input12>!
 Input12>!              FEM FILE: C:\Users\tbeau\OneDrive\Documents\Universite\BAC3\F.E.M\FEM-project_24-25\1_ Singularity\Q6 with singularity\belay_v3_fem1.fem
 Input12>!              SIM FILE: C:\Users\tbeau\OneDrive\Documents\Universite\BAC3\F.E.M\FEM-project_24-25\1_ Singularity\Q6 with singularity\belay_v3_sim1.sim
 Input12>!         ANALYSIS TYPE: Simcenter Samcef - Axisymmetric and Other 2D Structural
 Input12>!         SOLUTION NAME: Solution 1
 Input12>!         SOLUTION TYPE: Linear Static Analysis
 Input12>!     SOLVER INPUT FILE: belay_v3_sim1-Solution_1.dat
 Input12>!         CREATION DATE: 20-avril-2025
 Input12>!         CREATION TIME: 22:26:47
 Input12>!              HOSTNAME: laptop_tom
 Input12>!              USERNAME: tbeau
 Input12>!                 UNITS: (N)(m)(kg)
 Input12>!
 Input12>! $$$$$$$$$$$$$$$$$$$$$$$$$$$$$$$$$$$$$$$$$$$$$$$$$$$$$$$$$$$$$$$$$$$$$$$$$
 Input12> 
 Input12>MODE M -1 LECTURE 256
 Input12>!User Prolog
 Input12>!-------------
 Input12>! INFO ExportSolution : No Prolog defined.
 Input12> 
 Input12>! Simcenter Samcef Bank File: UNITS.
 Input12>! ----------------------------------
 Input12>.UNIT
 Input12> LENGTH 1 ! Unit = Meter
 Input12> MASS 1 ! Unit = Kilogram
 Input12> CELSIUS
 Input12> TIME 1
 Input12> 
 Input12>! Simcenter Samcef Bank File: Solution Parameters: .ALGO.
 Input12>! -------------------------------------------------------
 Input12>.ALGO
 Input12> AXER 2 AXES 1
 Input12>.GEL
 Input12>TEMP 20 ! Default Temperature from Solution
 Input12> 
 Input12>! Simcenter Samcef Bank File: NODES.
 Input12>! ----------------------------------
 Input12>.NOE
 Input12> I 496 X -0.0294448643 Y -0.017 Z 0
 Input12> I 497 X -0.0238156986 Y -0.01375 Z 0
 Input12> I 264 X -0.0266302814 Y -0.015375 Z 0
 Input12> I 265 X -0.0250331365 Y -0.0113838171 Z 0
 Input12> I 266 X -0.0261109804 Y -0.00862940195 Z 0
 Input12> I 267 X -0.0268890078 Y -0.00576463973 Z 0
 Input12> I 268 X -0.0273537112 Y -0.00283270529 Z 0
 Input12> I 269 X -0.027499678 Y 0.000132236909 Z 0
 Input12> I 270 X -0.0273252033 Y 0.00309563805 Z 0
 Input12> I 271 X -0.0268323219 Y 0.00602296714 Z 0
 Input12> I 272 X -0.0260267787 Y 0.00888011383 Z 0
 Input12> I 273 X -0.0249179584 Y 0.0116337849 Z 0
 Input12> I 274 X -0.0235187818 Y 0.0142518932 Z 0
 Input12> I 275 X -0.0218455539 Y 0.016703932 Z 0
 Input12> I 276 X -0.01991777 Y 0.0189613276 Z 0
 Input12> I 277 X -0.0177578956 Y 0.0209977774 Z 0
 Input12> I 278 X -0.0153910976 Y 0.0227895508 Z 0
 Input12> I 279 X -0.0128449546 Y 0.0243157685 Z 0
 Input12> I 280 X -0.0101491361 Y 0.0255586472 Z 0
 Input12> I 281 X -0.00733505536 Y 0.0265037048 Z 0
 Input12> I 282 X -0.00443550309 Y 0.0271399287 Z 0
 Input12> I 283 X -0.00148426616 Y 0.0274599049 Z 0
 Input12> I 284 X 0.00148426616 Y 0.0274599049 Z 0
 Input12> I 285 X 0.00443550309 Y 0.0271399287 Z 0
 Input12> I 286 X 0.00733505536 Y 0.0265037048 Z 0
 Input12> I 287 X 0.0101491361 Y 0.0255586472 Z 0
 Input12> I 288 X 0.0128449546 Y 0.0243157685 Z 0
 Input12> I 289 X 0.0153910976 Y 0.0227895508 Z 0
 Input12> I 290 X 0.0177578956 Y 0.0209977774 Z 0
 Input12> I 291 X 0.01991777 Y 0.0189613276 Z 0
 Input12> I 292 X 0.0218455539 Y 0.016703932 Z 0
 Input12> I 293 X 0.0235187818 Y 0.0142518932 Z 0
 Input12> I 294 X 0.0249179584 Y 0.0116337849 Z 0
 Input12> I 295 X 0.0260267787 Y 0.00888011383 Z 0
 Input12> I 296 X 0.0268323219 Y 0.00602296714 Z 0
 Input12> I 297 X 0.0273252033 Y 0.00309563805 Z 0
 Input12> I 298 X 0.027499678 Y 0.000132236909 Z 0
 Input12> I 299 X 0.0273537112 Y -0.00283270529 Z 0
 Input12> I 300 X 0.0268890078 Y -0.00576463973 Z 0
 Input12> I 301 X 0.0261109804 Y -0.00862940195 Z 0
 Input12> I 302 X 0.0250331365 Y -0.0113838171 Z 0
 Input12> I 303 X 0.0308341298 Y -0.0143267499 Z 0
 Input12> I 304 X 0.0319870004 Y -0.0115252582 Z 0
 Input12> I 305 X 0.0328860462 Y -0.00863177264 Z 0
 Input12> I 306 X 0.0335239244 Y -0.00566973753 Z 0
 Input12> I 307 X 0.0338955694 Y -0.00266267588 Z 0
 Input12> I 308 X 0.0339980288 Y 0.000365531886 Z 0
 Input12> I 309 X 0.0338304882 Y 0.00339083708 Z 0
 Input12> I 310 X 0.0333942776 Y 0.00638921392 Z 0
 Input12> I 311 X 0.0326928626 Y 0.00933685052 Z 0
 Input12> I 312 X 0.0317318085 Y 0.0122103362 Z 0
 Input12> I 313 X 0.0305187506 Y 0.0149868511 Z 0
 Input12> I 314 X 0.0290633227 Y 0.0176443447 Z 0
 Input12> I 315 X 0.0273770853 Y 0.0201617133 Z 0
 Input12> I 316 X 0.02547343 Y 0.0225189651 Z 0
 Input12> I 317 X 0.0233674746 Y 0.0246973802 Z 0
 Input12> I 318 X 0.0210759435 Y 0.0266796582 Z 0
 Input12> I 319 X 0.0186170349 Y 0.0284500566 Z 0
 Input12> I 320 X 0.0160102764 Y 0.0299945159 Z 0
 Input12> I 321 X 0.0132763682 Y 0.0313007666 Z 0
 Input12> I 322 X 0.0104370234 Y 0.0323584366 Z 0
 Input12> I 323 X 0.00751479083 Y 0.0331591239 Z 0
 Input12> I 324 X 0.00453287963 Y 0.0336964763 Z 0
 Input12> I 325 X 0.00151497031 Y 0.0339662231 Z 0
 Input12> I 326 X -0.00151497031 Y 0.0339662231 Z 0
 Input12> I 327 X -0.00453287963 Y 0.0336964763 Z 0
 Input12> I 328 X -0.00751479083 Y 0.0331591239 Z 0
 Input12> I 329 X -0.0104370234 Y 0.0323584366 Z 0
 Input12> I 330 X -0.0132763682 Y 0.0313007666 Z 0
 Input12> I 331 X -0.0160102764 Y 0.0299945159 Z 0
 Input12> I 332 X -0.0186170349 Y 0.0284500566 Z 0
 Input12> I 333 X -0.0210759435 Y 0.0266796582 Z 0
 Input12> I 334 X -0.0233674746 Y 0.0246973802 Z 0
 Input12> I 335 X -0.02547343 Y 0.0225189651 Z 0
 Input12> I 336 X -0.0273770853 Y 0.0201617133 Z 0
 Input12> I 337 X -0.0290633227 Y 0.0176443447 Z 0
 Input12> I 338 X -0.0305187506 Y 0.0149868511 Z 0
 Input12> I 339 X -0.0317318085 Y 0.0122103362 Z 0
 Input12> I 340 X -0.0326928626 Y 0.00933685052 Z 0
 Input12> I 341 X -0.0333942776 Y 0.00638921392 Z 0
 Input12> I 342 X -0.0338304882 Y 0.00339083708 Z 0
 Input12> I 343 X -0.0339980288 Y 0.000365531886 Z 0
 Input12> I 344 X -0.0338955694 Y -0.00266267588 Z 0
 Input12> I 345 X -0.0335239244 Y -0.00566973753 Z 0
 Input12> I 346 X -0.0328860462 Y -0.00863177264 Z 0
 Input12> I 347 X -0.0319870004 Y -0.0115252582 Z 0
 Input12> I 348 X -0.0308341298 Y -0.0143267499 Z 0
 Input12> I 1 X -0.00146362207 Y 0.0306481802 Z 0
 Input12> I 2 X -0.0276230921 Y 0.0133089388 Z 0
 Input12> I 3 X -0.0293593605 Y -0.00266098927 Z 0
 Input12> I 4 X -0.0315348051 Y -0.00263150279 Z 0
 Input12> I 5 X -0.0291070148 Y -0.0102682511 Z 0
 Input12> I 6 X -0.027897285 Y -0.0128353883 Z 0
 Input12> I 7 X -0.0311165477 Y -0.00542961456 Z 0
 Input12> I 8 X -0.0289280919 Y -0.00531918908 Z 0
 Input12> I 9 X -0.0282895047 Y -0.00735202326 Z 0
 Input12> I 10 X -0.0303913856 Y -0.00796566482 Z 0
 Input12> I 11 X -0.0314819976 Y 0.00319301759 Z 0
 Input12> I 12 X -0.0293210624 Y 0.00307592195 Z 0
 Input12> I 13 X -0.0288516447 Y 0.00572200185 Z 0
 Input12> I 14 X -0.0310119273 Y 0.00597569898 Z 0
 Input12> I 15 X -0.0289033551 Y 0.0107410826 Z 0
 Input12> I 16 X -0.0302303405 Y 0.00847611078 Z 0
 Input12> I 17 X -0.0281874946 Y 0.00773035079 Z 0
 Input12> I 18 X -0.0316570062 Y 0.000283686744 Z 0
 Input12> I 19 X -0.0294963656 Y 0.000208157847 Z 0
 Input12> I 20 X -0.0173705879 Y 0.0264486387 Z 0
 Input12> I 21 X -0.0162820471 Y 0.024577135 Z 0
 Input12> I 22 X -0.0122294743 Y 0.0291840845 Z 0
 Input12> I 23 X -0.0112121663 Y 0.0272649097 Z 0
 Input12> I 24 X -0.00432753164 Y 0.030548956 Z 0
 Input12> I 25 X -0.00865749435 Y 0.028108502 Z 0
 Input12> I 26 X -0.00955233117 Y 0.0301068217 Z 0
 Input12> I 27 X -0.00656159465 Y 0.0284820786 Z 0
 Input12> I 28 X -0.00696930513 Y 0.0306307304 Z 0
 Input12> I 29 X -0.0148711797 Y 0.0279476656 Z 0
 Input12> I 30 X -0.0138201109 Y 0.026059072 Z 0
 Input12> I 31 X -0.0245665257 Y 0.0183471856 Z 0
 Input12> I 32 X -0.0261833722 Y 0.0158821739 Z 0
 Input12> I 33 X -0.0196220009 Y 0.0247463375 Z 0
 Input12> I 34 X -0.0184127229 Y 0.0229363495 Z 0
 Input12> I 35 X -0.0228822087 Y 0.0206706171 Z 0
 Input12> I 36 X -0.0198865239 Y 0.0214192867 Z 0
 Input12> I 37 X -0.0214849668 Y 0.0228968249 Z 0
 Input12> I 38 X 0.0261823701 Y 0.0158829154 Z 0
 Input12> I 39 X 0.0316550167 Y 0.000282040721 Z 0
 Input12> I 40 X 0.0294955376 Y 0.000206424615 Z 0
 Input12> I 41 X 0.0311149804 Y -0.00542887219 Z 0
 Input12> I 42 X 0.0289272813 Y -0.00531911036 Z 0
 Input12> I 43 X 0.0278968567 Y -0.0128336164 Z 0
 Input12> I 44 X 0.0291064002 Y -0.0102678006 Z 0
 Input12> I 45 X 0.0282886619 Y -0.00735165099 Z 0
 Input12> I 46 X 0.030390565 Y -0.00796520909 Z 0
 Input12> I 47 X 0.0315350315 Y -0.002634097 Z 0
 Input12> I 48 X 0.0293612575 Y -0.00266593036 Z 0
 Input12> I 49 X 0.0289034996 Y 0.0107412997 Z 0
 Input12> I 50 X 0.0276216314 Y 0.0133109085 Z 0
 Input12> I 51 X 0.0314833627 Y 0.00319253906 Z 0
 Input12> I 52 X 0.0293220573 Y 0.0030753608 Z 0
 Input12> I 53 X 0.0288523747 Y 0.00572178436 Z 0
 Input12> I 54 X 0.03101262 Y 0.00597557948 Z 0
 Input12> I 55 X 0.0302307719 Y 0.00847611522 Z 0
 Input12> I 56 X 0.0281879177 Y 0.00773024526 Z 0
 Input12> I 57 X 0.0138203736 Y 0.0260553181 Z 0
 Input12> I 58 X 0.0148720698 Y 0.0279457052 Z 0
 Input12> I 59 X 0.00432723657 Y 0.0305490657 Z 0
 Input12> I 60 X 0.00146198238 Y 0.0306492926 Z 0
 Input12> I 61 X 0.0122304632 Y 0.0291849355 Z 0
 Input12> I 62 X 0.0112127867 Y 0.0272650554 Z 0
 Input12> I 63 X 0.00865795996 Y 0.0281090356 Z 0
 Input12> I 64 X 0.00955269777 Y 0.0301073462 Z 0
 Input12> I 65 X 0.00656185957 Y 0.0284825781 Z 0
 Input12> I 66 X 0.00696940076 Y 0.0306310905 Z 0
 Input12> I 67 X 0.019620641 Y 0.0247448829 Z 0
 Input12> I 68 X 0.0184117807 Y 0.0229351327 Z 0
 Input12> I 69 X 0.0245658701 Y 0.0183473724 Z 0
 Input12> I 70 X 0.0228814462 Y 0.0206703401 Z 0
 Input12> I 71 X 0.0198855668 Y 0.0214184484 Z 0
 Input12> I 72 X 0.0214840587 Y 0.0228961308 Z 0
 Input12> I 73 X 0.0173740168 Y 0.0264469112 Z 0
 Input12> I 74 X 0.0162847467 Y 0.024575396 Z 0
 Input12> I 498 X -0.0218547783 Y -0.0260455112 Z 0
 Input12> I 499 X -0.0176766586 Y -0.0210662231 Z 0
 Input12> I 349 X -0.0240416296 Y -0.02404163 Z 0
 Input12> I 350 X -0.0260455109 Y -0.0218547787 Z 0
 Input12> I 351 X -0.0278511694 Y -0.0195015987 Z 0
 Input12> I 352 X -0.0225266814 Y -0.0157733524 Z 0
 Input12> I 353 X -0.0210662221 Y -0.0176766599 Z 0
 Input12> I 354 X -0.0194454359 Y -0.0194454371 Z 0
 Input12> I 355 X -0.0197657185 Y -0.0235558672 Z 0
 Input12> I 75 X -0.0251008525 Y -0.0175757914 Z 0
 Input12> I 76 X -0.0234533789 Y -0.0196797223 Z 0
 Input12> I 77 X -0.0216661085 Y -0.0216661281 Z 0
 Input12> I 500 X 0.0238156986 Y -0.01375 Z 0
 Input12> I 501 X 0.0294448643 Y -0.017 Z 0
 Input12> I 356 X 0.0225266814 Y -0.0157733524 Z 0
 Input12> I 357 X 0.0210662221 Y -0.0176766599 Z 0
 Input12> I 358 X 0.0194454359 Y -0.0194454371 Z 0
 Input12> I 359 X 0.0240416296 Y -0.02404163 Z 0
 Input12> I 360 X 0.0260455109 Y -0.0218547787 Z 0
 Input12> I 361 X 0.0278511694 Y -0.0195015987 Z 0
 Input12> I 362 X 0.0266302814 Y -0.015375 Z 0
 Input12> I 78 X 0.0216674922 Y -0.0216675103 Z 0
 Input12> I 79 X 0.0234533791 Y -0.0196797219 Z 0
 Input12> I 80 X 0.0250992511 Y -0.0175746687 Z 0
 Input12> I 502 X 0.0218547783 Y -0.0260455112 Z 0
 Input12> I 503 X 0.0176766586 Y -0.0210662231 Z 0
 Input12> I 446 X 0.0197080637 Y -0.0277054539 Z 0
 Input12> I 447 X 0.0174228492 Y -0.0291966468 Z 0
 Input12> I 448 X 0.0150254137 Y -0.0304997831 Z 0
 Input12> I 449 X 0.012531199 Y -0.0316064691 Z 0
 Input12> I 363 X -0.0155374324 Y -0.0226900446 Z 0
 Input12> I 364 X -0.0129857104 Y -0.0242408996 Z 0
 Input12> I 365 X -0.0102642831 Y -0.0255126337 Z 0
 Input12> I 366 X -0.00742038237 Y -0.0264799507 Z 0
 Input12> I 367 X -0.00448794383 Y -0.0271313173 Z 0
 Input12> I 368 X -0.00150195486 Y -0.027458951 Z 0
 Input12> I 369 X 0.00150195486 Y -0.027458951 Z 0
 Input12> I 370 X 0.00448794383 Y -0.0271313173 Z 0
 Input12> I 371 X 0.00742038237 Y -0.0264799507 Z 0
 Input12> I 372 X 0.0102642831 Y -0.0255126337 Z 0
 Input12> I 373 X 0.0129857104 Y -0.0242408996 Z 0
 Input12> I 374 X 0.0155374324 Y -0.0226900446 Z 0
 Input12> I 375 X 0.0197657185 Y -0.0235558672 Z 0
 Input12> I 81 X -0.0014316075 Y -0.0306536009 Z 0
 Input12> I 82 X -0.0109345886 Y -0.0273496204 Z 0
 Input12> I 83 X -0.0116912906 Y -0.0293729427 Z 0
 Input12> I 84 X -0.0178285483 Y -0.0252471261 Z 0
 Input12> I 85 X -0.0140286658 Y -0.0282854786 Z 0
 Input12> I 86 X -0.013224754 Y -0.0262610755 Z 0
 Input12> I 87 X -0.0149550791 Y -0.0251044704 Z 0
 Input12> I 88 X -0.0161000591 Y -0.0269746401 Z 0
 Input12> I 89 X -0.00852137344 Y -0.0281423381 Z 0
 Input12> I 90 X -0.00924104955 Y -0.0301855296 Z 0
 Input12> I 91 X -0.00422926139 Y -0.0305584432 Z 0
 Input12> I 92 X -0.00677203249 Y -0.0306514413 Z 0
 Input12> I 93 X -0.00647052286 Y -0.0284973848 Z 0
 Input12> I 94 X 0.00924276711 Y -0.0301874243 Z 0
 Input12> I 95 X 0.00851936037 Y -0.0281428451 Z 0
 Input12> I 96 X 0.0140296387 Y -0.0282886707 Z 0
 Input12> I 97 X 0.013225753 Y -0.0262623668 Z 0
 Input12> I 98 X 0.0178285537 Y -0.0252490381 Z 0
 Input12> I 99 X 0.0161002424 Y -0.0269769741 Z 0
 Input12> I 100 X 0.0149566454 Y -0.025104326 Z 0
 Input12> I 101 X 0.0116912279 Y -0.0293729751 Z 0
 Input12> I 102 X 0.0109334695 Y -0.0273484381 Z 0
 Input12> I 103 X 0.00143345215 Y -0.0306535343 Z 0
 Input12> I 104 X 0.00423001363 Y -0.0305589865 Z 0
 Input12> I 105 X 0.0067720285 Y -0.0306525133 Z 0
 Input12> I 106 X 0.00646935197 Y -0.0284978157 Z 0
 Input12> I 504 X -0.01 Y -0.0713691788 Z 0
 Input12> I 505 X 0.01 Y -0.0713691788 Z 0
 Input12> I 376 X -0.00999999839 Y -0.0683789465 Z 0
 Input12> I 377 X -0.00999999677 Y -0.0653887141 Z 0
 Input12> I 378 X -0.00999999516 Y -0.0623984818 Z 0
 Input12> I 379 X -0.00999999354 Y -0.0594082495 Z 0
 Input12> I 380 X -0.00999999193 Y -0.0564180172 Z 0
 Input12> I 381 X -0.00999999032 Y -0.0534277848 Z 0
 Input12> I 382 X -0.0099999887 Y -0.0504375525 Z 0
 Input12> I 383 X -0.00999998709 Y -0.0474473202 Z 0
 Input12> I 384 X -0.00999998547 Y -0.0444570879 Z 0
 Input12> I 385 X -0.00999998386 Y -0.0414668556 Z 0
 Input12> I 386 X -0.00999998225 Y -0.0384766232 Z 0
 Input12> I 387 X -0.00999998063 Y -0.0354863909 Z 0
 Input12> I 388 X 0.0071875283 Y -0.0706951831 Z 0
 Input12> I 389 X 0.00432994127 Y -0.0702494302 Z 0
 Input12> I 390 X 0.00144615865 Y -0.0700276744 Z 0
 Input12> I 391 X -0.00144619942 Y -0.0700276478 Z 0
 Input12> I 392 X -0.00432987858 Y -0.0702494296 Z 0
 Input12> I 393 X -0.00718744438 Y -0.0706951795 Z 0
 Input12> I 394 X 0.00999997975 Y -0.0354863909 Z 0
 Input12> I 395 X 0.00999998144 Y -0.0384766232 Z 0
 Input12> I 396 X 0.00999998313 Y -0.0414668556 Z 0
 Input12> I 397 X 0.00999998481 Y -0.0444570879 Z 0
 Input12> I 398 X 0.0099999865 Y -0.0474473202 Z 0
 Input12> I 399 X 0.00999998819 Y -0.0504375525 Z 0
 Input12> I 400 X 0.00999998988 Y -0.0534277848 Z 0
 Input12> I 401 X 0.00999999156 Y -0.0564180172 Z 0
 Input12> I 402 X 0.00999999325 Y -0.0594082495 Z 0
 Input12> I 403 X 0.00999999494 Y -0.0623984818 Z 0
 Input12> I 404 X 0.00999999663 Y -0.0653887141 Z 0
 Input12> I 405 X 0.00999999831 Y -0.0683789465 Z 0
 Input12> I 107 X 0.00716540385 Y -0.0359807822 Z 0
 Input12> I 108 X 0.00430940102 Y -0.0363293627 Z 0
 Input12> I 109 X 0.00143743317 Y -0.0365069159 Z 0
 Input12> I 110 X -0.00143996906 Y -0.0365040381 Z 0
 Input12> I 111 X -0.00431115039 Y -0.0363225173 Z 0
 Input12> I 112 X -0.00716611059 Y -0.0359746184 Z 0
 Input12> I 113 X 0.00715222299 Y -0.038809607 Z 0
 Input12> I 114 X 0.0042954523 Y -0.0390513418 Z 0
 Input12> I 115 X 0.00143106718 Y -0.0391749639 Z 0
 Input12> I 116 X -0.00143568258 Y -0.0391701537 Z 0
 Input12> I 117 X -0.00429872615 Y -0.0390397533 Z 0
 Input12> I 118 X -0.00715365047 Y -0.0387988467 Z 0
 Input12> I 119 X 0.00714644497 Y -0.0416889766 Z 0
 Input12> I 120 X 0.00428886872 Y -0.0418521928 Z 0
 Input12> I 121 X 0.00142778698 Y -0.0419351209 Z 0
 Input12> I 122 X -0.00143399612 Y -0.0419295407 Z 0
 Input12> I 123 X -0.00429335224 Y -0.0418386798 Z 0
 Input12> I 124 X -0.00714848687 Y -0.0416762908 Z 0
 Input12> I 125 X 0.00714390928 Y -0.0445989297 Z 0
 Input12> I 126 X 0.00428579917 Y -0.0447032056 Z 0
 Input12> I 127 X 0.00142610456 Y -0.0447554355 Z 0
 Input12> I 128 X -0.00143344621 Y -0.0447502639 Z 0
 Input12> I 129 X -0.00429116021 Y -0.0446906658 Z 0
 Input12> I 130 X -0.00714641233 Y -0.0445871262 Z 0
 Input12> I 131 X 0.00714279354 Y -0.0475263898 Z 0
 Input12> I 132 X 0.00428437792 Y -0.0475841094 Z 0
 Input12> I 133 X 0.00142524909 Y -0.0476124515 Z 0
 Input12> I 134 X -0.00143332443 Y -0.0476087087 Z 0
 Input12> I 135 X -0.00429031618 Y -0.047575045 Z 0
 Input12> I 136 X -0.00714560628 Y -0.0475178756 Z 0
 Input12> I 137 X 0.00714231717 Y -0.0504632988 Z 0
 Input12> I 138 X 0.00428375147 Y -0.0504816655 Z 0
 Input12> I 139 X 0.00142485157 Y -0.0504903121 Z 0
 Input12> I 140 X -0.00143331114 Y -0.050488716 Z 0
 Input12> I 141 X -0.00429000387 Y -0.0504778254 Z 0
 Input12> I 142 X -0.00714530728 Y -0.0504597357 Z 0
 Input12> I 143 X 0.00714218557 Y -0.0534045948 Z 0
 Input12> I 144 X 0.00428359611 Y -0.0533870909 Z 0
 Input12> I 145 X 0.00142478348 Y -0.0533780781 Z 0
 Input12> I 146 X -0.00143326155 Y -0.0533788827 Z 0
 Input12> I 147 X -0.00428989464 Y -0.05338909 Z 0
 Input12> I 148 X -0.00714522661 Y -0.05340656 Z 0
 Input12> I 149 X 0.00714239494 Y -0.0563461125 Z 0
 Input12> I 150 X 0.0042839251 Y -0.0562928273 Z 0
 Input12> I 151 X 0.00142507962 Y -0.0562660312 Z 0
 Input12> I 152 X -0.00143312726 Y -0.0562688967 Z 0
 Input12> I 153 X -0.00428994029 Y -0.056299837 Z 0
 Input12> I 154 X -0.00714533299 Y -0.0563528182 Z 0
 Input12> I 155 X 0.00714321292 Y -0.0592822562 Z 0
 Input12> I 156 X 0.00428505023 Y -0.0591889077 Z 0
 Input12> I 157 X 0.00142589592 Y -0.0591415813 Z 0
 Input12> I 158 X -0.00143298539 Y -0.0591456202 Z 0
 Input12> I 159 X -0.00429038211 Y -0.059198764 Z 0
 Input12> I 160 X -0.00714584812 Y -0.0592916434 Z 0
 Input12> I 161 X 0.00714531836 Y -0.0622036676 Z 0
 Input12> I 162 X 0.00428769939 Y -0.0620596344 Z 0
 Input12> I 163 X 0.00142752334 Y -0.0619857694 Z 0
 Input12> I 164 X -0.00143314476 Y -0.0619898358 Z 0
 Input12> I 165 X -0.00429194558 Y -0.0620695363 Z 0
 Input12> I 166 X -0.00714743214 Y -0.0622130569 Z 0
 Input12> I 167 X 0.00715026275 Y -0.0650953519 Z 0
 Input12> I 168 X 0.00429341641 Y -0.0648815579 Z 0
 Input12> I 169 X 0.00143052361 Y -0.0647715255 Z 0
 Input12> I 170 X -0.00143431861 Y -0.0647746201 Z 0
 Input12> I 171 X -0.00429627982 Y -0.0648890604 Z 0
 Input12> I 172 X -0.00715167951 Y -0.065102394 Z 0
 Input12> I 173 X 0.0071616213 Y -0.0679355015 Z 0
 Input12> I 174 X 0.00430541176 Y -0.0676235356 Z 0
 Input12> I 175 X 0.00143602964 Y -0.0674646002 Z 0
 Input12> I 176 X -0.00143788168 Y -0.0674661676 Z 0
 Input12> I 177 X -0.00430677787 Y -0.0676273058 Z 0
 Input12> I 178 X -0.0071622647 Y -0.0679389457 Z 0
 Input12> I 506 X -0.00611656475 Y -0.103117012 Z 0
 Input12> I 507 X -0.00883207893 Y -0.108940453 Z 0
 Input12> I 508 X 0.00611656475 Y -0.103117012 Z 0
 Input12> I 509 X 0.00883207893 Y -0.108940453 Z 0
 Input12> I 406 X -0.00747432184 Y -0.106028732 Z 0
 Input12> I 407 X 0.00835740021 Y -0.102300148 Z 0
 Input12> I 408 X 0.0108841515 Y -0.10096291 Z 0
 Input12> I 409 X 0.0132990917 Y -0.0990994939 Z 0
 Input12> I 410 X 0.0152991021 Y -0.0967975054 Z 0
 Input12> I 411 X 0.0167301124 Y -0.0941061668 Z 0
 Input12> I 412 X 0.0174414334 Y -0.0911435123 Z 0
 Input12> I 413 X 0.0173377437 Y -0.0880987697 Z 0
 Input12> I 414 X 0.0164339232 Y -0.0851888068 Z 0
 Input12> I 415 X 0.0148456298 Y -0.0825867726 Z 0
 Input12> I 416 X 0.0127280344 Y -0.0803921141 Z 0
 Input12> I 417 X 0.0102301541 Y -0.0786410737 Z 0
 Input12> I 418 X 0.00747036975 Y -0.0773398386 Z 0
 Input12> I 419 X 0.0045426476 Y -0.0764797359 Z 0
 Input12> I 420 X 0.00152098092 Y -0.0760529701 Z 0
 Input12> I 421 X -0.00153071777 Y -0.07605368 Z 0
 Input12> I 422 X -0.00455219254 Y -0.0764818398 Z 0
 Input12> I 423 X -0.00747955709 Y -0.0773431218 Z 0
 Input12> I 424 X -0.0102385339 Y -0.0786461066 Z 0
 Input12> I 425 X -0.0127356407 Y -0.0803982128 Z 0
 Input12> I 426 X -0.0148515337 Y -0.0825945907 Z 0
 Input12> I 427 X -0.0164378945 Y -0.0851977064 Z 0
 Input12> I 428 X -0.0173395264 Y -0.0881083728 Z 0
 Input12> I 429 X -0.0174403568 Y -0.0911532176 Z 0
 Input12> I 430 X -0.0167267464 Y -0.0941153283 Z 0
 Input12> I 431 X -0.0152935496 Y -0.0968055859 Z 0
 Input12> I 432 X -0.0132919042 Y -0.0991060601 Z 0
 Input12> I 433 X -0.0108759785 Y -0.100968286 Z 0
 Input12> I 434 X -0.0083528655 Y -0.102302181 Z 0
 Input12> I 460 X -0.0116515247 Y -0.108115971 Z 0
 Input12> I 461 X -0.0143991538 Y -0.107039013 Z 0
 Input12> I 462 X -0.0170305642 Y -0.105703174 Z 0
 Input12> I 463 X -0.01950663 Y -0.104097864 Z 0
 Input12> I 464 X -0.0217771523 Y -0.102213407 Z 0
 Input12> I 465 X -0.0237787563 Y -0.100045821 Z 0
 Input12> I 466 X -0.0254347462 Y -0.0976045487 Z 0
 Input12> I 467 X -0.0266549694 Y -0.094919492 Z 0
 Input12> I 468 X -0.0273543343 Y -0.0920547315 Z 0
 Input12> I 469 X -0.0274726731 Y -0.0891085325 Z 0
 Input12> I 470 X -0.0269984604 Y -0.0861982414 Z 0
 Input12> I 471 X -0.0259748215 Y -0.0834323855 Z 0
 Input12> I 472 X -0.0244810564 Y -0.080888933 Z 0
 Input12> I 473 X -0.0226057522 Y -0.0786114407 Z 0
 Input12> I 474 X -0.0204332221 Y -0.0766148908 Z 0
 Input12> I 475 X -0.0180322429 Y -0.0748994859 Z 0
 Input12> I 476 X -0.0154571889 Y -0.0734581139 Z 0
 Input12> I 477 X -0.012751436 Y -0.0722799334 Z 0
 Input12> I 435 X 0.00747432184 Y -0.106028732 Z 0
 Input12> I 179 X 0.00144266181 Y -0.0731149503 Z 0
 Input12> I 180 X -0.0219736397 Y -0.0826574809 Z 0
 Input12> I 181 X -0.0195753444 Y -0.0846700734 Z 0
 Input12> I 182 X -0.020520034 Y -0.100814549 Z 0
 Input12> I 183 X -0.0174265992 Y -0.0981321543 Z 0
 Input12> I 184 X -0.0134255991 Y -0.10327678 Z 0
 Input12> I 185 X -0.0102220297 Y -0.104922992 Z 0
 Input12> I 186 X -0.0165125062 Y -0.103149093 Z 0
 Input12> I 187 X -0.016533734 Y -0.101331521 Z 0
 Input12> I 188 X -0.0150689669 Y -0.100339249 Z 0
 Input12> I 189 X -0.0186863278 Y -0.102094816 Z 0
 Input12> I 190 X -0.0180244096 Y -0.100378518 Z 0
 Input12> I 191 X -0.0201826105 Y -0.0914670151 Z 0
 Input12> I 192 X -0.0249832842 Y -0.0919078248 Z 0
 Input12> I 193 X -0.019763707 Y -0.0879478432 Z 0
 Input12> I 194 X -0.0220740792 Y -0.0876643229 Z 0
 Input12> I 195 X -0.0243455026 Y -0.0870215926 Z 0
 Input12> I 196 X -0.0234802522 Y -0.0846657384 Z 0
 Input12> I 197 X -0.0216039837 Y -0.0855970692 Z 0
 Input12> I 198 X -0.0248388208 Y -0.0895316442 Z 0
 Input12> I 199 X -0.0225884257 Y -0.0900363437 Z 0
 Input12> I 200 X -0.0231231058 Y -0.0966187399 Z 0
 Input12> I 201 X -0.021007156 Y -0.0957194654 Z 0
 Input12> I 202 X -0.0188486964 Y -0.0948803347 Z 0
 Input12> I 203 X -0.0195435807 Y -0.0997802155 Z 0
 Input12> I 204 X -0.0199189322 Y -0.0981001076 Z 0
 Input12> I 205 X -0.0218130207 Y -0.0989243653 Z 0
 Input12> I 206 X -0.0242417388 Y -0.0941938185 Z 0
 Input12> I 207 X -0.0221630824 Y -0.0933180894 Z 0
 Input12> I 208 X -0.00857085468 Y -0.0757386269 Z 0
 Input12> I 209 X -0.00930685217 Y -0.0737053513 Z 0
 Input12> I 210 X -0.0014478475 Y -0.07311552 Z 0
 Input12> I 211 X -0.00426827799 Y -0.0732540156 Z 0
 Input12> I 212 X -0.00681337974 Y -0.0731938073 Z 0
 Input12> I 213 X -0.00652122451 Y -0.075261623 Z 0
 Input12> I 214 X -0.0167230869 Y -0.0771410541 Z 0
 Input12> I 215 X -0.0134605415 Y -0.0780397794 Z 0
 Input12> I 216 X -0.0181641556 Y -0.0819612044 Z 0
 Input12> I 217 X -0.0176046454 Y -0.079884633 Z 0
 Input12> I 218 X -0.0156192627 Y -0.0793204598 Z 0
 Input12> I 219 X -0.0203907186 Y -0.0804409754 Z 0
 Input12> I 220 X -0.0188231429 Y -0.0784874503 Z 0
 Input12> I 221 X -0.011040709 Y -0.0767259699 Z 0
 Input12> I 222 X -0.0118779749 Y -0.0746116601 Z 0
 Input12> I 223 X -0.0143928915 Y -0.0758071858 Z 0
 Input12> I 224 X 0.0210223057 Y -0.0874734037 Z 0
 Input12> I 225 X 0.0249540733 Y -0.0866614505 Z 0
 Input12> I 226 X 0.0158981465 Y -0.103739438 Z 0
 Input12> I 227 X 0.0133479483 Y -0.103465873 Z 0
 Input12> I 228 X 0.0102059728 Y -0.104964734 Z 0
 Input12> I 229 X 0.0197873561 Y -0.0943945085 Z 0
 Input12> I 230 X 0.0238167298 Y -0.0916234559 Z 0
 Input12> I 231 X 0.0205201681 Y -0.0911752475 Z 0
 Input12> I 232 X 0.024325407 Y -0.0888291122 Z 0
 Input12> I 233 X 0.0231303615 Y -0.0944538626 Z 0
 Input12> I 234 X 0.0186472576 Y -0.09788112 Z 0
 Input12> I 235 X 0.020080428 Y -0.100362673 Z 0
 Input12> I 236 X 0.0177986813 Y -0.10217708 Z 0
 Input12> I 237 X 0.0157030849 Y -0.100635296 Z 0
 Input12> I 238 X 0.0223272404 Y -0.0970910246 Z 0
 Input12> I 239 X 0.0220985758 Y -0.0991444165 Z 0
 Input12> I 240 X 0.0167031151 Y -0.0771104331 Z 0
 Input12> I 241 X 0.0134455036 Y -0.0780205593 Z 0
 Input12> I 242 X 0.00930314452 Y -0.0737030426 Z 0
 Input12> I 243 X 0.00856266585 Y -0.075734133 Z 0
 Input12> I 244 X 0.00426344925 Y -0.0732522781 Z 0
 Input12> I 245 X 0.00680877559 Y -0.0731912014 Z 0
 Input12> I 246 X 0.00651326585 Y -0.0752583469 Z 0
 Input12> I 247 X 0.0118720919 Y -0.0746071942 Z 0
 Input12> I 248 X 0.011031423 Y -0.0767181116 Z 0
 Input12> I 249 X 0.0143822459 Y -0.0757943999 Z 0
 Input12> I 250 X 0.0193511352 Y -0.0842636593 Z 0
 Input12> I 251 X 0.0219019982 Y -0.082632056 Z 0
 Input12> I 252 X 0.0234444542 Y -0.0849601559 Z 0
 Input12> I 253 X 0.0175579724 Y -0.0797863748 Z 0
 Input12> I 254 X 0.0181110838 Y -0.0818104555 Z 0
 Input12> I 255 X 0.0155945457 Y -0.0792692303 Z 0
 Input12> I 256 X 0.0187898884 Y -0.0784375831 Z 0
 Input12> I 257 X 0.0203462697 Y -0.0803822607 Z 0
 Input12> I 258 X -0.0232973333 Y -0.0917618393 Z 0
 Input12> I 436 X 0.00591987537 Y -0.109531108 Z 0
 Input12> I 437 X 0.00296924913 Y -0.109883083 Z 0
 Input12> I 438 X -1.69237658e-08 Y -0.110000002 Z 0
 Input12> I 439 X -0.00296928241 Y -0.109883071 Z 0
 Input12> I 440 X -0.00591990741 Y -0.109531088 Z 0
 Input12> I 441 X -0.00410950545 Y -0.103608503 Z 0
 Input12> I 442 X -0.00206409309 Y -0.103902276 Z 0
 Input12> I 443 X 1.67578879e-08 Y -0.10400001 Z 0
 Input12> I 444 X 0.00206412548 Y -0.103902268 Z 0
 Input12> I 445 X 0.0041095385 Y -0.103608501 Z 0
 Input12> I 259 X 0.00495956876 Y -0.106472366 Z 0
 Input12> I 260 X 0.00247847107 Y -0.106763012 Z 0
 Input12> I 261 X -8.01701563e-07 Y -0.106859907 Z 0
 Input12> I 262 X -0.00247900854 Y -0.106757154 Z 0
 Input12> I 263 X -0.00495832203 Y -0.106466456 Z 0
 Input12> I 510 X 0.00999997807 Y -0.0324961586 Z 0
 Input12> I 450 X 0.00719522405 Y -0.0332299383 Z 0
 Input12> I 451 X 0.00433815302 Y -0.0337221051 Z 0
 Input12> I 452 X 0.00144955907 Y -0.0339690826 Z 0
 Input12> I 453 X -0.00144956 Y -0.0339690826 Z 0
 Input12> I 454 X -0.00433815393 Y -0.0337221049 Z 0
 Input12> I 455 X -0.00719522495 Y -0.0332299381 Z 0
 Input12> I 511 X -0.00999997902 Y -0.0324961586 Z 0
 Input12> I 456 X -0.0125311996 Y -0.0316064688 Z 0
 Input12> I 457 X -0.0150254142 Y -0.0304997829 Z 0
 Input12> I 458 X -0.0174228496 Y -0.0291966466 Z 0
 Input12> I 459 X -0.0197080638 Y -0.0277054538 Z 0
 Input12> I 478 X 0.012751429 Y -0.0722801226 Z 0
 Input12> I 479 X 0.015457173 Y -0.0734583198 Z 0
 Input12> I 480 X 0.0180322946 Y -0.0748995925 Z 0
 Input12> I 481 X 0.0204335434 Y -0.0766146414 Z 0
 Input12> I 482 X 0.0226057363 Y -0.0786115268 Z 0
 Input12> I 483 X 0.0244809151 Y -0.0808891636 Z 0
 Input12> I 484 X 0.025975198 Y -0.0834323189 Z 0
 Input12> I 485 X 0.0269983609 Y -0.0861983589 Z 0
 Input12> I 486 X 0.0274726742 Y -0.0891086466 Z 0
 Input12> I 487 X 0.0273544322 Y -0.0920548579 Z 0
 Input12> I 488 X 0.0266547703 Y -0.0949195164 Z 0
 Input12> I 489 X 0.0254348035 Y -0.0976047528 Z 0
 Input12> I 490 X 0.0237788325 Y -0.100046001 Z 0
 Input12> I 491 X 0.0217767603 Y -0.102213174 Z 0
 Input12> I 492 X 0.0195065307 Y -0.104097998 Z 0
 Input12> I 493 X 0.0170305485 Y -0.105703429 Z 0
 Input12> I 494 X 0.0143990944 Y -0.107039196 Z 0
 Input12> I 495 X 0.0116514144 Y -0.108116057 Z 0
 Input12>! Simcenter Samcef Bank File: ELEMENTS.
 Input12>! -------------------------------------
 Input12>.MAI
 Input12> I 1 AT 1 0 N 6 264 497 265
 Input12> I 2 AT 1 0 N 6 265 266 5
 Input12> I 3 AT 1 0 N 348 496 264 6
 Input12> I 4 AT 1 0 N 348 6 5 347
 Input12> I 5 AT 1 0 N 268 3 8 267
 Input12> I 6 AT 1 0 N 3 4 7 8
 Input12> I 7 AT 1 0 N 4 344 345 7
 Input12> I 8 AT 1 0 N 9 266 267 8
 Input12> I 9 AT 1 0 N 9 8 7 10
 Input12> I 10 AT 1 0 N 7 345 346 10
 Input12> I 11 AT 1 0 N 342 11 14 341
 Input12> I 12 AT 1 0 N 11 12 13 14
 Input12> I 13 AT 1 0 N 12 270 271 13
 Input12> I 14 AT 1 0 N 15 272 273 2
 Input12> I 15 AT 1 0 N 15 2 338 339
 Input12> I 16 AT 1 0 N 13 271 272 17
 Input12> I 17 AT 1 0 N 272 15 16 17
 Input12> I 18 AT 1 0 N 13 17 16 14
 Input12> I 19 AT 1 0 N 340 341 14 16
 Input12> I 20 AT 1 0 N 340 16 15 339
 Input12> I 21 AT 1 0 N 342 343 18 11
 Input12> I 22 AT 1 0 N 343 344 4 18
 Input12> I 23 AT 1 0 N 18 4 3 19
 Input12> I 24 AT 1 0 N 19 3 268 269
 Input12> I 25 AT 1 0 N 12 19 269 270
 Input12> I 26 AT 1 0 N 11 18 19 12
 Input12> I 27 AT 1 0 N 24 282 283 1
 Input12> I 28 AT 1 0 N 24 1 326 327
 Input12> I 29 AT 1 0 N 330 22 26 329
 Input12> I 30 AT 1 0 N 22 23 25 26
 Input12> I 31 AT 1 0 N 23 280 281 25
 Input12> I 32 AT 1 0 N 27 25 281 282
 Input12> I 33 AT 1 0 N 26 25 27 28
 Input12> I 34 AT 1 0 N 26 28 328 329
 Input12> I 35 AT 1 0 N 330 331 29 22
 Input12> I 36 AT 1 0 N 331 332 20 29
 Input12> I 37 AT 1 0 N 29 20 21 30
 Input12> I 38 AT 1 0 N 30 21 278 279
 Input12> I 39 AT 1 0 N 23 30 279 280
 Input12> I 40 AT 1 0 N 22 29 30 23
 Input12> I 41 AT 1 0 N 336 337 32 31
 Input12> I 42 AT 1 0 N 337 338 2 32
 Input12> I 43 AT 1 0 N 32 2 273 274
 Input12> I 44 AT 1 0 N 31 32 274 275
 Input12> I 45 AT 1 0 N 278 21 34 277
 Input12> I 46 AT 1 0 N 21 20 33 34
 Input12> I 47 AT 1 0 N 20 332 333 33
 Input12> I 48 AT 1 0 N 35 335 336 31
 Input12> I 49 AT 1 0 N 35 31 275 276
 Input12> I 50 AT 1 0 N 36 276 277 34
 Input12> I 51 AT 1 0 N 36 34 33 37
 Input12> I 52 AT 1 0 N 33 333 334 37
 Input12> I 53 AT 1 0 N 43 302 500 362
 Input12> I 54 AT 1 0 N 43 362 501 303
 Input12> I 55 AT 1 0 N 44 301 302 43
 Input12> I 56 AT 1 0 N 44 43 303 304
 Input12> I 57 AT 1 0 N 45 42 300 301
 Input12> I 58 AT 1 0 N 41 42 45 46
 Input12> I 59 AT 1 0 N 41 46 305 306
 Input12> I 60 AT 1 0 N 306 307 47 41
 Input12> I 61 AT 1 0 N 307 308 39 47
 Input12> I 62 AT 1 0 N 47 39 40 48
 Input12> I 63 AT 1 0 N 48 40 298 299
 Input12> I 64 AT 1 0 N 42 48 299 300
 Input12> I 65 AT 1 0 N 41 47 48 42
 Input12> I 66 AT 1 0 N 312 313 50 49
 Input12> I 67 AT 1 0 N 313 314 38 50
 Input12> I 68 AT 1 0 N 50 38 293 294
 Input12> I 69 AT 1 0 N 49 50 294 295
 Input12> I 70 AT 1 0 N 298 40 52 297
 Input12> I 71 AT 1 0 N 40 39 51 52
 Input12> I 72 AT 1 0 N 39 308 309 51
 Input12> I 73 AT 1 0 N 55 54 310 311
 Input12> I 74 AT 1 0 N 55 311 312 49
 Input12> I 75 AT 1 0 N 295 296 53 56
 Input12> I 76 AT 1 0 N 53 54 55 56
 Input12> I 77 AT 1 0 N 295 56 55 49
 Input12> I 78 AT 1 0 N 297 52 53 296
 Input12> I 79 AT 1 0 N 52 51 54 53
 Input12> I 80 AT 1 0 N 51 309 310 54
 Input12> I 81 AT 1 0 N 324 325 60 59
 Input12> I 82 AT 1 0 N 325 326 1 60
 Input12> I 83 AT 1 0 N 60 1 283 284
 Input12> I 84 AT 1 0 N 59 60 284 285
 Input12> I 85 AT 1 0 N 288 57 62 287
 Input12> I 86 AT 1 0 N 57 58 61 62
 Input12> I 87 AT 1 0 N 58 320 321 61
 Input12> I 88 AT 1 0 N 65 285 286 63
 Input12> I 89 AT 1 0 N 65 63 64 66
 Input12> I 90 AT 1 0 N 64 322 323 66
 Input12> I 91 AT 1 0 N 287 62 63 286
 Input12> I 92 AT 1 0 N 62 61 64 63
 Input12> I 93 AT 1 0 N 61 321 322 64
 Input12> I 94 AT 1 0 N 69 292 293 38
 Input12> I 95 AT 1 0 N 69 38 314 315
 Input12> I 96 AT 1 0 N 70 291 292 69
 Input12> I 97 AT 1 0 N 70 69 315 316
 Input12> I 98 AT 1 0 N 71 68 290 291
 Input12> I 99 AT 1 0 N 67 68 71 72
 Input12> I 100 AT 1 0 N 67 72 317 318
 Input12> I 101 AT 1 0 N 318 319 73 67
 Input12> I 102 AT 1 0 N 319 320 58 73
 Input12> I 103 AT 1 0 N 73 58 57 74
 Input12> I 104 AT 1 0 N 74 57 288 289
 Input12> I 105 AT 1 0 N 68 74 289 290
 Input12> I 106 AT 1 0 N 67 73 74 68
 Input12> I 107 AT 1 0 N 10 346 347 5
 Input12> I 108 AT 1 0 N 10 5 266 9
 Input12> I 109 AT 1 0 N 28 27 282 24
 Input12> I 110 AT 1 0 N 28 24 327 328
 Input12> I 111 AT 1 0 N 37 334 335 35
 Input12> I 112 AT 1 0 N 37 35 276 36
 Input12> I 113 AT 1 0 N 46 45 301 44
 Input12> I 114 AT 1 0 N 46 44 304 305
 Input12> I 115 AT 1 0 N 66 323 324 59
 Input12> I 116 AT 1 0 N 66 59 285 65
 Input12> I 117 AT 1 0 N 72 71 291 70
 Input12> I 118 AT 1 0 N 72 70 316 317
 Input12> I 119 AT 1 0 N 497 352 75 264
 Input12> I 120 AT 1 0 N 352 353 76 75
 Input12> I 121 AT 1 0 N 353 354 77 76
 Input12> I 122 AT 1 0 N 354 499 355 77
 Input12> I 123 AT 1 0 N 77 355 498 349
 Input12> I 124 AT 1 0 N 76 77 349 350
 Input12> I 125 AT 1 0 N 75 76 350 351
 Input12> I 126 AT 1 0 N 264 75 351 496
 Input12> I 127 AT 1 0 N 503 375 78 358
 Input12> I 128 AT 1 0 N 375 502 359 78
 Input12> I 129 AT 1 0 N 78 359 360 79
 Input12> I 130 AT 1 0 N 79 360 361 80
 Input12> I 131 AT 1 0 N 80 361 501 362
 Input12> I 132 AT 1 0 N 356 80 362 500
 Input12> I 133 AT 1 0 N 357 79 80 356
 Input12> I 134 AT 1 0 N 358 78 79 357
 Input12> I 135 AT 1 0 N 84 459 498 355
 Input12> I 136 AT 1 0 N 84 355 499 363
 Input12> I 137 AT 1 0 N 365 82 86 364
 Input12> I 138 AT 1 0 N 82 83 85 86
 Input12> I 139 AT 1 0 N 83 456 457 85
 Input12> I 140 AT 1 0 N 87 363 364 86
 Input12> I 141 AT 1 0 N 87 86 85 88
 Input12> I 142 AT 1 0 N 85 457 458 88
 Input12> I 143 AT 1 0 N 456 83 90 511
 Input12> I 144 AT 1 0 N 83 82 89 90
 Input12> I 145 AT 1 0 N 82 365 366 89
 Input12> I 146 AT 1 0 N 91 367 368 81
 Input12> I 147 AT 1 0 N 91 81 453 454
 Input12> I 148 AT 1 0 N 89 366 367 93
 Input12> I 149 AT 1 0 N 367 91 92 93
 Input12> I 150 AT 1 0 N 89 93 92 90
 Input12> I 151 AT 1 0 N 455 511 90 92
 Input12> I 152 AT 1 0 N 455 92 91 454
 Input12> I 153 AT 1 0 N 98 374 503 375
 Input12> I 154 AT 1 0 N 98 375 502 446
 Input12> I 155 AT 1 0 N 100 97 373 374
 Input12> I 156 AT 1 0 N 100 374 98 99
 Input12> I 157 AT 1 0 N 99 98 446 447
 Input12> I 158 AT 1 0 N 448 449 101 96
 Input12> I 159 AT 1 0 N 449 510 94 101
 Input12> I 160 AT 1 0 N 101 94 95 102
 Input12> I 161 AT 1 0 N 102 95 371 372
 Input12> I 162 AT 1 0 N 97 102 372 373
 Input12> I 163 AT 1 0 N 96 101 102 97
 Input12> I 164 AT 1 0 N 103 452 453 81
 Input12> I 165 AT 1 0 N 103 81 368 369
 Input12> I 166 AT 1 0 N 104 451 452 103
 Input12> I 167 AT 1 0 N 104 103 369 370
 Input12> I 168 AT 1 0 N 105 94 510 450
 Input12> I 169 AT 1 0 N 105 450 451 104
 Input12> I 170 AT 1 0 N 370 371 95 106
 Input12> I 171 AT 1 0 N 95 94 105 106
 Input12> I 172 AT 1 0 N 370 106 105 104
 Input12> I 173 AT 1 0 N 88 458 459 84
 Input12> I 174 AT 1 0 N 88 84 363 87
 Input12> I 175 AT 1 0 N 99 447 448 96
 Input12> I 176 AT 1 0 N 99 96 97 100
 Input12> I 177 AT 1 0 N 107 113 114 108
 Input12> I 178 AT 1 0 N 108 114 115 109
 Input12> I 179 AT 1 0 N 109 115 116 110
 Input12> I 180 AT 1 0 N 110 116 117 111
 Input12> I 181 AT 1 0 N 111 117 118 112
 Input12> I 182 AT 1 0 N 113 119 120 114
 Input12> I 183 AT 1 0 N 114 120 121 115
 Input12> I 184 AT 1 0 N 115 121 122 116
 Input12> I 185 AT 1 0 N 116 122 123 117
 Input12> I 186 AT 1 0 N 117 123 124 118
 Input12> I 187 AT 1 0 N 119 125 126 120
 Input12> I 188 AT 1 0 N 120 126 127 121
 Input12> I 189 AT 1 0 N 121 127 128 122
 Input12> I 190 AT 1 0 N 122 128 129 123
 Input12> I 191 AT 1 0 N 123 129 130 124
 Input12> I 192 AT 1 0 N 125 131 132 126
 Input12> I 193 AT 1 0 N 126 132 133 127
 Input12> I 194 AT 1 0 N 127 133 134 128
 Input12> I 195 AT 1 0 N 128 134 135 129
 Input12> I 196 AT 1 0 N 129 135 136 130
 Input12> I 197 AT 1 0 N 131 137 138 132
 Input12> I 198 AT 1 0 N 132 138 139 133
 Input12> I 199 AT 1 0 N 133 139 140 134
 Input12> I 200 AT 1 0 N 134 140 141 135
 Input12> I 201 AT 1 0 N 135 141 142 136
 Input12> I 202 AT 1 0 N 137 143 144 138
 Input12> I 203 AT 1 0 N 138 144 145 139
 Input12> I 204 AT 1 0 N 139 145 146 140
 Input12> I 205 AT 1 0 N 140 146 147 141
 Input12> I 206 AT 1 0 N 141 147 148 142
 Input12> I 207 AT 1 0 N 143 149 150 144
 Input12> I 208 AT 1 0 N 144 150 151 145
 Input12> I 209 AT 1 0 N 145 151 152 146
 Input12> I 210 AT 1 0 N 146 152 153 147
 Input12> I 211 AT 1 0 N 147 153 154 148
 Input12> I 212 AT 1 0 N 149 155 156 150
 Input12> I 213 AT 1 0 N 150 156 157 151
 Input12> I 214 AT 1 0 N 151 157 158 152
 Input12> I 215 AT 1 0 N 152 158 159 153
 Input12> I 216 AT 1 0 N 153 159 160 154
 Input12> I 217 AT 1 0 N 155 161 162 156
 Input12> I 218 AT 1 0 N 156 162 163 157
 Input12> I 219 AT 1 0 N 157 163 164 158
 Input12> I 220 AT 1 0 N 158 164 165 159
 Input12> I 221 AT 1 0 N 159 165 166 160
 Input12> I 222 AT 1 0 N 161 167 168 162
 Input12> I 223 AT 1 0 N 162 168 169 163
 Input12> I 224 AT 1 0 N 163 169 170 164
 Input12> I 225 AT 1 0 N 164 170 171 165
 Input12> I 226 AT 1 0 N 165 171 172 166
 Input12> I 227 AT 1 0 N 167 173 174 168
 Input12> I 228 AT 1 0 N 168 174 175 169
 Input12> I 229 AT 1 0 N 169 175 176 170
 Input12> I 230 AT 1 0 N 170 176 177 171
 Input12> I 231 AT 1 0 N 171 177 178 172
 Input12> I 232 AT 1 0 N 510 394 107 450
 Input12> I 233 AT 1 0 N 394 395 113 107
 Input12> I 234 AT 1 0 N 395 396 119 113
 Input12> I 235 AT 1 0 N 396 397 125 119
 Input12> I 236 AT 1 0 N 397 398 131 125
 Input12> I 237 AT 1 0 N 398 399 137 131
 Input12> I 238 AT 1 0 N 399 400 143 137
 Input12> I 239 AT 1 0 N 400 401 149 143
 Input12> I 240 AT 1 0 N 401 402 155 149
 Input12> I 241 AT 1 0 N 402 403 161 155
 Input12> I 242 AT 1 0 N 403 404 167 161
 Input12> I 243 AT 1 0 N 404 405 173 167
 Input12> I 244 AT 1 0 N 405 505 388 173
 Input12> I 245 AT 1 0 N 173 388 389 174
 Input12> I 246 AT 1 0 N 174 389 390 175
 Input12> I 247 AT 1 0 N 175 390 391 176
 Input12> I 248 AT 1 0 N 176 391 392 177
 Input12> I 249 AT 1 0 N 177 392 393 178
 Input12> I 250 AT 1 0 N 178 393 504 376
 Input12> I 251 AT 1 0 N 172 178 376 377
 Input12> I 252 AT 1 0 N 166 172 377 378
 Input12> I 253 AT 1 0 N 160 166 378 379
 Input12> I 254 AT 1 0 N 154 160 379 380
 Input12> I 255 AT 1 0 N 148 154 380 381
 Input12> I 256 AT 1 0 N 142 148 381 382
 Input12> I 257 AT 1 0 N 136 142 382 383
 Input12> I 258 AT 1 0 N 130 136 383 384
 Input12> I 259 AT 1 0 N 124 130 384 385
 Input12> I 260 AT 1 0 N 118 124 385 386
 Input12> I 261 AT 1 0 N 112 118 386 387
 Input12> I 262 AT 1 0 N 455 112 387 511
 Input12> I 263 AT 1 0 N 454 111 112 455
 Input12> I 264 AT 1 0 N 453 110 111 454
 Input12> I 265 AT 1 0 N 452 109 110 453
 Input12> I 266 AT 1 0 N 451 108 109 452
 Input12> I 267 AT 1 0 N 450 107 108 451
 Input12> I 268 AT 1 0 N 185 406 507 460
 Input12> I 269 AT 1 0 N 185 460 461 184
 Input12> I 270 AT 1 0 N 434 506 406 185
 Input12> I 271 AT 1 0 N 434 185 184 433
 Input12> I 272 AT 1 0 N 183 431 432 188
 Input12> I 273 AT 1 0 N 189 186 462 463
 Input12> I 274 AT 1 0 N 189 463 464 182
 Input12> I 275 AT 1 0 N 183 188 187 190
 Input12> I 276 AT 1 0 N 187 186 189 190
 Input12> I 277 AT 1 0 N 181 427 428 193
 Input12> I 278 AT 1 0 N 196 195 470 471
 Input12> I 279 AT 1 0 N 196 471 472 180
 Input12> I 280 AT 1 0 N 181 193 194 197
 Input12> I 281 AT 1 0 N 194 195 196 197
 Input12> I 282 AT 1 0 N 181 197 196 180
 Input12> I 283 AT 1 0 N 198 192 468 469
 Input12> I 284 AT 1 0 N 198 469 470 195
 Input12> I 285 AT 1 0 N 193 428 429 191
 Input12> I 286 AT 1 0 N 198 195 194 199
 Input12> I 287 AT 1 0 N 194 193 191 199
 Input12> I 288 AT 1 0 N 202 430 431 183
 Input12> I 289 AT 1 0 N 204 201 202 183
 Input12> I 290 AT 1 0 N 200 201 204 205
 Input12> I 291 AT 1 0 N 200 205 465 466
 Input12> I 292 AT 1 0 N 206 200 466 467
 Input12> I 293 AT 1 0 N 206 467 468 192
 Input12> I 294 AT 1 0 N 191 429 430 202
 Input12> I 295 AT 1 0 N 201 200 206 207
 Input12> I 296 AT 1 0 N 201 207 191 202
 Input12> I 297 AT 1 0 N 210 391 390 179
 Input12> I 298 AT 1 0 N 210 179 420 421
 Input12> I 299 AT 1 0 N 211 392 391 210
 Input12> I 300 AT 1 0 N 211 210 421 422
 Input12> I 301 AT 1 0 N 212 209 504 393
 Input12> I 302 AT 1 0 N 212 393 392 211
 Input12> I 303 AT 1 0 N 422 423 208 213
 Input12> I 304 AT 1 0 N 208 209 212 213
 Input12> I 305 AT 1 0 N 422 213 212 211
 Input12> I 306 AT 1 0 N 426 427 181 216
 Input12> I 307 AT 1 0 N 215 425 426 218
 Input12> I 308 AT 1 0 N 217 218 426 216
 Input12> I 309 AT 1 0 N 181 180 219 216
 Input12> I 310 AT 1 0 N 180 472 473 219
 Input12> I 311 AT 1 0 N 219 473 474 220
 Input12> I 312 AT 1 0 N 220 474 475 214
 Input12> I 313 AT 1 0 N 216 219 220 217
 Input12> I 314 AT 1 0 N 504 209 222 477
 Input12> I 315 AT 1 0 N 209 208 221 222
 Input12> I 316 AT 1 0 N 208 423 424 221
 Input12> I 317 AT 1 0 N 221 424 425 215
 Input12> I 318 AT 1 0 N 214 475 476 223
 Input12> I 319 AT 1 0 N 494 495 228 227
 Input12> I 320 AT 1 0 N 495 509 435 228
 Input12> I 321 AT 1 0 N 228 435 508 407
 Input12> I 322 AT 1 0 N 227 228 407 408
 Input12> I 323 AT 1 0 N 232 225 485 486
 Input12> I 324 AT 1 0 N 232 486 487 230
 Input12> I 325 AT 1 0 N 231 412 413 224
 Input12> I 326 AT 1 0 N 233 230 487 488
 Input12> I 327 AT 1 0 N 229 411 412 231
 Input12> I 328 AT 1 0 N 236 235 491 492
 Input12> I 329 AT 1 0 N 236 492 493 226
 Input12> I 330 AT 1 0 N 234 235 236 237
 Input12> I 331 AT 1 0 N 234 410 411 229
 Input12> I 332 AT 1 0 N 238 239 235 234
 Input12> I 333 AT 1 0 N 490 491 235 239
 Input12> I 334 AT 1 0 N 244 419 420 179
 Input12> I 335 AT 1 0 N 244 179 390 389
 Input12> I 336 AT 1 0 N 243 418 419 246
 Input12> I 337 AT 1 0 N 419 244 245 246
 Input12> I 338 AT 1 0 N 243 246 245 242
 Input12> I 339 AT 1 0 N 388 505 242 245
 Input12> I 340 AT 1 0 N 388 245 244 389
 Input12> I 341 AT 1 0 N 418 243 248 417
 Input12> I 342 AT 1 0 N 243 242 247 248
 Input12> I 343 AT 1 0 N 242 505 478 247
 Input12> I 344 AT 1 0 N 241 416 417 248
 Input12> I 345 AT 1 0 N 240 249 479 480
 Input12> I 346 AT 1 0 N 224 413 414 250
 Input12> I 347 AT 1 0 N 252 251 483 484
 Input12> I 348 AT 1 0 N 252 484 485 225
 Input12> I 349 AT 1 0 N 254 250 414 415
 Input12> I 350 AT 1 0 N 253 254 415 255
 Input12> I 351 AT 1 0 N 241 255 415 416
 Input12> I 352 AT 1 0 N 240 480 481 256
 Input12> I 353 AT 1 0 N 256 481 482 257
 Input12> I 354 AT 1 0 N 257 482 483 251
 Input12> I 355 AT 1 0 N 254 257 251 250
 Input12> I 356 AT 1 0 N 253 256 257 254
 Input12> I 357 AT 1 0 N 203 204 183 190
 Input12> I 358 AT 1 0 N 190 189 182 203
 Input12> I 359 AT 1 0 N 184 188 432 433
 Input12> I 360 AT 1 0 N 184 186 187 188
 Input12> I 361 AT 1 0 N 461 462 186 184
 Input12> I 362 AT 1 0 N 207 206 192 258
 Input12> I 363 AT 1 0 N 192 198 199 258
 Input12> I 364 AT 1 0 N 199 191 207 258
 Input12> I 365 AT 1 0 N 223 476 477 222
 Input12> I 366 AT 1 0 N 224 232 230 231
 Input12> I 367 AT 1 0 N 224 252 225 232
 Input12> I 368 AT 1 0 N 250 251 252 224
 Input12> I 369 AT 1 0 N 409 410 234 237
 Input12> I 370 AT 1 0 N 226 493 494 227
 Input12> I 371 AT 1 0 N 226 227 237 236
 Input12> I 372 AT 1 0 N 227 408 409 237
 Input12> I 373 AT 1 0 N 489 490 239 238
 Input12> I 374 AT 1 0 N 233 488 489 238
 Input12> I 375 AT 1 0 N 233 238 234 229
 Input12> I 376 AT 1 0 N 230 233 229 231
 Input12> I 377 AT 1 0 N 249 247 478 479
 Input12> I 378 AT 1 0 N 222 221 215 223
 Input12> I 379 AT 1 0 N 223 215 218 214
 Input12> I 380 AT 1 0 N 214 218 217 220
 Input12> I 381 AT 1 0 N 255 240 256 253
 Input12> I 382 AT 1 0 N 241 249 240 255
 Input12> I 383 AT 1 0 N 248 247 249 241
 Input12> I 384 AT 1 0 N 205 204 203 182
 Input12> I 385 AT 1 0 N 182 464 465 205
 Input12> I 386 AT 1 0 N 509 436 259 435
 Input12> I 387 AT 1 0 N 436 437 260 259
 Input12> I 388 AT 1 0 N 437 438 261 260
 Input12> I 389 AT 1 0 N 438 439 262 261
 Input12> I 390 AT 1 0 N 439 440 263 262
 Input12> I 391 AT 1 0 N 440 507 406 263
 Input12> I 392 AT 1 0 N 263 406 506 441
 Input12> I 393 AT 1 0 N 262 263 441 442
 Input12> I 394 AT 1 0 N 261 262 442 443
 Input12> I 395 AT 1 0 N 260 261 443 444
 Input12> I 396 AT 1 0 N 259 260 444 445
 Input12> I 397 AT 1 0 N 435 259 445 508
 Input12>! Samcef Bank File : GROUPS.
 Input12>! --------------------------
 Input12>.SEL
  Current accuracy =  2.11962283E-05
 Input12> GROUP 1 MAILLE NOM "@SC@2d_mesh(1)_0"
 Input12> I 1 J 397 K 1
 Input12> GROUP 2 NOEUDS NOM "@SC@Fixed(1)"
 Input12> I 441 J 445 K 1
 Input12> I 506
 Input12> I 508
 Input12>! Simcenter Samcef Bank File: MATERIALS.
 Input12>! --------------------------------------
 Input12>.MAT
 Input12>   I 1 NOM "FEM project Material::belay_v3_fem1::[1]"
 Input12>   BEHA "ELASTIC"
 Input12>   YT 7.2e+10  ! Young's modulus (E)
 Input12>   NT 0.345  ! Poisson's ratio (NU)
 Input12> 
 Input12>! Simcenter Samcef Bank File: HYPOTHESES
 Input12>! --------------------------------------
 Input12>.HYP MEMB BIDIM GROUP "@SC@2d_mesh(1)_0"
 Input12>! Simcenter Samcef Bank File: Physicals Properties
 Input12>! ------------------------------------------------
 Input12>.PHP
 Input12>!Plane Stress XY(1)
 Input12> GROUP "@SC@2d_mesh(1)_0" THICK VAL 0.0125 ! Thickness
 Input12>! Simcenter Samcef Bank File: CONSTRAINTS.
 Input12>! ----------------------------------------
 Input12>.CLM ADD
 Input12>!
 Input12>! Fixed(1)
 Input12> GROUP "@SC@Fixed(1)" FIX
 Input12> 
 Input12>! Simcenter Samcef Bank File: LOADS.
 Input12>! ----------------------------------
 Input12>.CLM ADD
 Input12> ARETE I 123 3 SFY 1.5e+07 NC 1 NOM "Subcase - Static Loads 1"
 Input12> ARETE I 123 3 SFX -3e+06 NC 1 NOM "Subcase - Static Loads 1"
 Input12> ARETE I 124 3 SFY 1.5e+07 NC 1 NOM "Subcase - Static Loads 1"
 Input12> ARETE I 124 3 SFX -3e+06 NC 1 NOM "Subcase - Static Loads 1"
 Input12> ARETE I 125 3 SFY 1.5e+07 NC 1 NOM "Subcase - Static Loads 1"
 Input12> ARETE I 125 3 SFX -3e+06 NC 1 NOM "Subcase - Static Loads 1"
 Input12> ARETE I 126 3 SFY 1.5e+07 NC 1 NOM "Subcase - Static Loads 1"
 Input12> ARETE I 126 3 SFX -3e+06 NC 1 NOM "Subcase - Static Loads 1"
 Input12> 
 Input12> ARETE I 127 4 SFY -1.5e+07 NC 1 NOM "Subcase - Static Loads 1"
 Input12> ARETE I 127 4 SFX -3e+06 NC 1 NOM "Subcase - Static Loads 1"
 Input12> ARETE I 132 4 SFY -1.5e+07 NC 1 NOM "Subcase - Static Loads 1"
 Input12> ARETE I 132 4 SFX -3e+06 NC 1 NOM "Subcase - Static Loads 1"
 Input12> ARETE I 133 4 SFY -1.5e+07 NC 1 NOM "Subcase - Static Loads 1"
 Input12> ARETE I 133 4 SFX -3e+06 NC 1 NOM "Subcase - Static Loads 1"
 Input12> ARETE I 134 4 SFY -1.5e+07 NC 1 NOM "Subcase - Static Loads 1"
 Input12> ARETE I 134 4 SFX -3e+06 NC 1 NOM "Subcase - Static Loads 1"
 Input12> 
 Input12>! Simcenter Samcef Bank File: Elements Attributes
 Input12>! -----------------------------------------------
 Input12>.AEL
 Input12> I 1 THETA -153.486
 Input12> I 2 THETA -63.1238
 Input12> I 3 THETA -152.539
 Input12> I 4 THETA -63.078
 Input12> I 5 THETA 85.1065
 Input12> I 6 THETA 89.2234
 Input12> I 7 THETA 90.7565
 Input12> I 8 THETA -120.385
 Input12> I 9 THETA 17.4394
 Input12> I 10 THETA 95.6961
 Input12> I 11 THETA -94.8148
 Input12> I 12 THETA -93.1017
 Input12> I 13 THETA -89.434
 Input12> I 14 THETA -122.9
 Input12> I 15 THETA -26.4996
 Input12> I 16 THETA -81.5229
 Input12> I 17 THETA 57.0996
 Input12> I 18 THETA -18.2988
 Input12> I 19 THETA 166.615
 Input12> I 20 THETA -109.266
 Input12> I 21 THETA 176.83
 Input12> I 22 THETA -178.062
 Input12> I 23 THETA -177.6
 Input12> I 24 THETA -177.266
 Input12> I 25 THETA 176.502
 Input12> I 26 THETA 176.558
 Input12> I 27 THETA 178.186
 Input12> I 28 THETA -88.0157
 Input12> I 29 THETA -153.683
 Input12> I 30 THETA -152.073
 Input12> I 31 THETA -148.076
 Input12> I 32 THETA 100.106
 Input12> I 33 THETA -155.877
 Input12> I 34 THETA -78.5344
 Input12> I 35 THETA 115.538
 Input12> I 36 THETA 120.646
 Input12> I 37 THETA 120.953
 Input12> I 38 THETA 121.045
 Input12> I 39 THETA 114.814
 Input12> I 40 THETA 115.081
 Input12> I 41 THETA 146.184
 Input12> I 42 THETA 151.292
 Input12> I 43 THETA 150.773
 Input12> I 44 THETA 146.738
 Input12> I 45 THETA 26.4921
 Input12> I 46 THETA 30.184
 Input12> I 47 THETA 31.9139
 Input12> I 48 THETA 54.4993
 Input12> I 49 THETA 144.061
 Input12> I 50 THETA 179.272
 Input12> I 51 THETA -44.1713
 Input12> I 52 THETA 36.9448
 Input12> I 53 THETA 63.1485
 Input12> I 54 THETA 153.509
 Input12> I 55 THETA 61.3228
 Input12> I 56 THETA 154.76
 Input12> I 57 THETA -17.4426
 Input12> I 58 THETA 87.1277
 Input12> I 59 THETA 164.06
 Input12> I 60 THETA -7.0455
 Input12> I 61 THETA -1.93786
 Input12> I 62 THETA -2.35612
 Input12> I 63 THETA -2.67658
 Input12> I 64 THETA -9.28951
 Input12> I 65 THETA -8.5475
 Input12> I 66 THETA 23.6005
 Input12> I 67 THETA 28.7082
 Input12> I 68 THETA 29.2308
 Input12> I 69 THETA 26.5127
 Input12> I 70 THETA -87.8712
 Input12> I 71 THETA -87.9946
 Input12> I 72 THETA -87.9592
 Input12> I 73 THETA -162.637
 Input12> I 74 THETA -70.7306
 Input12> I 75 THETA -164.255
 Input12> I 76 THETA -83.2994
 Input12> I 77 THETA -118.016
 Input12> I 78 THETA -90.5818
 Input12> I 79 THETA -86.8967
 Input12> I 80 THETA -85.1708
 Input12> I 81 THETA 84.8924
 Input12> I 82 THETA 90
 Input12> I 83 THETA 90.0218
 Input12> I 84 THETA 87.9966
 Input12> I 85 THETA -29.2807
 Input12> I 86 THETA -29.0889
 Input12> I 87 THETA -29.0541
 Input12> I 88 THETA 122.27
 Input12> I 89 THETA -100.105
 Input12> I 90 THETA -21.447
 Input12> I 91 THETA -31.9364
 Input12> I 92 THETA -27.9269
 Input12> I 93 THETA -26.3043
 Input12> I 94 THETA 121.138
 Input12> I 95 THETA -146.738
 Input12> I 96 THETA 119.97
 Input12> I 97 THETA -144.053
 Input12> I 98 THETA 44.1782
 Input12> I 99 THETA 146.258
 Input12> I 100 THETA -134.774
 Input12> I 101 THETA 54.2464
 Input12> I 102 THETA 59.354
 Input12> I 103 THETA 59.0762
 Input12> I 104 THETA 59.0141
 Input12> I 105 THETA 52.3624
 Input12> I 106 THETA 52.8527
 Input12> I 107 THETA 104.95
 Input12> I 108 THETA -150.847
 Input12> I 109 THETA -169.256
 Input12> I 110 THETA -91.773
 Input12> I 111 THETA 46.2747
 Input12> I 112 THETA 147.886
 Input12> I 113 THETA 73.7272
 Input12> I 114 THETA 150.851
 Input12> I 115 THETA -12.1742
 Input12> I 116 THETA 91.7782
 Input12> I 117 THETA 132.751
 Input12> I 118 THETA -147.879
 Input12> I 119 THETA 147.5
 Input12> I 120 THETA 142.5
 Input12> I 121 THETA 137.5
 Input12> I 122 THETA 132.5
 Input12> I 123 THETA 134.839
 Input12> I 124 THETA 138.021
 Input12> I 125 THETA 141.937
 Input12> I 126 THETA 145.203
 Input12> I 127 THETA -140
 Input12> I 128 THETA -140
 Input12> I 129 THETA -135
 Input12> I 130 THETA -130
 Input12> I 131 THETA -125
 Input12> I 132 THETA -125
 Input12> I 133 THETA -130
 Input12> I 134 THETA -135
 Input12> I 135 THETA -142.6
 Input12> I 136 THETA -48.8772
 Input12> I 137 THETA -159.953
 Input12> I 138 THETA -159.495
 Input12> I 139 THETA -159.391
 Input12> I 140 THETA -13.5606
 Input12> I 141 THETA 123.76
 Input12> I 142 THETA -155.766
 Input12> I 143 THETA 20.6086
 Input12> I 144 THETA 20.5053
 Input12> I 145 THETA 20.0467
 Input12> I 146 THETA -4.31655
 Input12> I 147 THETA 91.9481
 Input12> I 148 THETA 33.5163
 Input12> I 149 THETA 175.683
 Input12> I 150 THETA 99.8218
 Input12> I 151 THETA -75.3389
 Input12> I 152 THETA 9.3205
 Input12> I 153 THETA -41.8388
 Input12> I 154 THETA 48.8451
 Input12> I 155 THETA -123.784
 Input12> I 156 THETA 13.5262
 Input12> I 157 THETA 45.0062
 Input12> I 158 THETA -113.927
 Input12> I 159 THETA -109.366
 Input12> I 160 THETA -108.399
 Input12> I 161 THETA -108.215
 Input12> I 162 THETA -115.351
 Input12> I 163 THETA -114.877
 Input12> I 164 THETA 179.722
 Input12> I 165 THETA -90.0013
 Input12> I 166 THETA 178.042
 Input12> I 167 THETA -91.9364
 Input12> I 168 THETA 79.3395
 Input12> I 169 THETA 170.676
 Input12> I 170 THETA 77.4765
 Input12> I 171 THETA 160.515
 Input12> I 172 THETA 124.592
 Input12> I 173 THETA -149.234
 Input12> I 174 THETA -45.0162
 Input12> I 175 THETA 149.211
 Input12> I 176 THETA -122.354
 Input12> I 177 THETA -179.733
 Input12> I 178 THETA -179.706
 Input12> I 179 THETA -179.863
 Input12> I 180 THETA 179.908
 Input12> I 181 THETA 179.738
 Input12> I 182 THETA -179.885
 Input12> I 183 THETA -179.865
 Input12> I 184 THETA -179.932
 Input12> I 185 THETA 179.965
 Input12> I 186 THETA 179.89
 Input12> I 187 THETA -179.95
 Input12> I 188 THETA -179.938
 Input12> I 189 THETA -179.966
 Input12> I 190 THETA 179.989
 Input12> I 191 THETA 179.956
 Input12> I 192 THETA -179.978
 Input12> I 193 THETA -179.972
 Input12> I 194 THETA -179.983
 Input12> I 195 THETA 179.998
 Input12> I 196 THETA 179.983
 Input12> I 197 THETA -179.991
 Input12> I 198 THETA -179.988
 Input12> I 199 THETA -179.992
 Input12> I 200 THETA 180
 Input12> I 201 THETA 179.994
 Input12> I 202 THETA -179.997
 Input12> I 203 THETA -179.997
 Input12> I 204 THETA -179.999
 Input12> I 205 THETA 179.999
 Input12> I 206 THETA 179.998
 Input12> I 207 THETA 179.996
 Input12> I 208 THETA 179.994
 Input12> I 209 THETA 179.994
 Input12> I 210 THETA 179.997
 Input12> I 211 THETA -179.999
 Input12> I 212 THETA 179.984
 Input12> I 213 THETA 179.978
 Input12> I 214 THETA 179.984
 Input12> I 215 THETA 179.997
 Input12> I 216 THETA -179.991
 Input12> I 217 THETA 179.959
 Input12> I 218 THETA 179.947
 Input12> I 219 THETA 179.967
 Input12> I 220 THETA -179.997
 Input12> I 221 THETA -179.969
 Input12> I 222 THETA 179.902
 Input12> I 223 THETA 179.884
 Input12> I 224 THETA 179.938
 Input12> I 225 THETA -179.976
 Input12> I 226 THETA -179.912
 Input12> I 227 THETA 179.771
 Input12> I 228 THETA 179.749
 Input12> I 229 THETA 179.883
 Input12> I 230 THETA -179.924
 Input12> I 231 THETA -179.78
 Input12> I 232 THETA 180
 Input12> I 233 THETA 180
 Input12> I 234 THETA 180
 Input12> I 235 THETA 180
 Input12> I 236 THETA 180
 Input12> I 237 THETA 180
 Input12> I 238 THETA 180
 Input12> I 239 THETA 180
 Input12> I 240 THETA 180
 Input12> I 241 THETA 180
 Input12> I 242 THETA 180
 Input12> I 243 THETA 180
 Input12> I 244 THETA 180
 Input12> I 245 THETA 179.462
 Input12> I 246 THETA 179.465
 Input12> I 247 THETA 179.774
 Input12> I 248 THETA -179.814
 Input12> I 249 THETA -179.495
 Input12> I 250 THETA -179.477
 Input12> I 251 THETA -179.786
 Input12> I 252 THETA -179.916
 Input12> I 253 THETA -179.969
 Input12> I 254 THETA -179.99
 Input12> I 255 THETA -179.998
 Input12> I 256 THETA 179.998
 Input12> I 257 THETA 179.994
 Input12> I 258 THETA 179.984
 Input12> I 259 THETA 179.959
 Input12> I 260 THETA 179.897
 Input12> I 261 THETA 179.747
 Input12> I 262 THETA 179.392
 Input12> I 263 THETA 179.405
 Input12> I 264 THETA 179.783
 Input12> I 265 THETA -179.726
 Input12> I 266 THETA -179.368
 Input12> I 267 THETA -179.379
 Input12> I 268 THETA 111.921
 Input12> I 269 THETA -155.882
 Input12> I 270 THETA 110.02
 Input12> I 271 THETA -144.504
 Input12> I 272 THETA 58.122
 Input12> I 273 THETA 115.873
 Input12> I 274 THETA -157.73
 Input12> I 275 THETA 133.111
 Input12> I 276 THETA 179.331
 Input12> I 277 THETA 99.5463
 Input12> I 278 THETA -159.833
 Input12> I 279 THETA -63.6915
 Input12> I 280 THETA -176.711
 Input12> I 281 THETA -74.2004
 Input12> I 282 THETA -114.558
 Input12> I 283 THETA -176.521
 Input12> I 284 THETA -80.8738
 Input12> I 285 THETA 93.7886
 Input12> I 286 THETA 11.119
 Input12> I 287 THETA 96.9961
 Input12> I 288 THETA 70.1747
 Input12> I 289 THETA -24.5658
 Input12> I 290 THETA 66.9746
 Input12> I 291 THETA 150.394
 Input12> I 292 THETA 155.236
 Input12> I 293 THETA -106.736
 Input12> I 294 THETA 83.472
 Input12> I 295 THETA -113.025
 Input12> I 296 THETA -25.7043
 Input12> I 297 THETA 0.0305802
 Input12> I 298 THETA 89.9887
 Input12> I 299 THETA -1.17452
 Input12> I 300 THETA 87.1888
 Input12> I 301 THETA -101.594
 Input12> I 302 THETA -8.5144
 Input12> I 303 THETA -106.395
 Input12> I 304 THETA -19.8991
 Input12> I 305 THETA -58.2133
 Input12> I 306 THETA -148.642
 Input12> I 307 THETA 162.914
 Input12> I 308 THETA 74.1368
 Input12> I 309 THETA -49.9974
 Input12> I 310 THETA -54.8037
 Input12> I 311 THETA -50.4446
 Input12> I 312 THETA -40.6899
 Input12> I 313 THETA -55.6759
 Input12> I 314 THETA 163.474
 Input12> I 315 THETA 160.101
 Input12> I 316 THETA 145.778
 Input12> I 317 THETA 157.326
 Input12> I 318 THETA -30.2865
 Input12> I 319 THETA -111.401
 Input12> I 320 THETA -106.299
 Input12> I 321 THETA -111.281
 Input12> I 322 THETA -115.503
 Input12> I 323 THETA 16.1732
 Input12> I 324 THETA 95.0756
 Input12> I 325 THETA -89.4094
 Input12> I 326 THETA 13.631
 Input12> I 327 THETA -84.6121
 Input12> I 328 THETA 51.5089
 Input12> I 329 THETA 138.36
 Input12> I 330 THETA 149.992
 Input12> I 331 THETA -72.0661
 Input12> I 332 THETA -173.646
 Input12> I 333 THETA -137.268
 Input12> I 334 THETA 175.056
 Input12> I 335 THETA -87.2128
 Input12> I 336 THETA -145.774
 Input12> I 337 THETA -4.94419
 Input12> I 338 THETA -76.9298
 Input12> I 339 THETA 103.477
 Input12> I 340 THETA -171.372
 Input12> I 341 THETA 34.2259
 Input12> I 342 THETA 20.0304
 Input12> I 343 THETA 16.6248
 Input12> I 344 THETA -163.168
 Input12> I 345 THETA -60.4449
 Input12> I 346 THETA -99.6328
 Input12> I 347 THETA -33.526
 Input12> I 348 THETA 58.8802
 Input12> I 349 THETA 153.184
 Input12> I 350 THETA 164.716
 Input12> I 351 THETA 120.158
 Input12> I 352 THETA 31.0147
 Input12> I 353 THETA 42.0394
 Input12> I 354 THETA 51.9144
 Input12> I 355 THETA 57.423
 Input12> I 356 THETA 42.4069
 Input12> I 357 THETA -12.5936
 Input12> I 358 THETA -158.91
 Input12> I 359 THETA -29.2243
 Input12> I 360 THETA -87.6314
 Input12> I 361 THETA -63.0853
 Input12> I 362 THETA -112.845
 Input12> I 363 THETA 3.4791
 Input12> I 364 THETA 120.739
 Input12> I 365 THETA -24.3739
 Input12> I 366 THETA 112.315
 Input12> I 367 THETA 43.9425
 Input12> I 368 THETA 57.3959
 Input12> I 369 THETA 40.9847
 Input12> I 370 THETA 150.033
 Input12> I 371 THETA -83.8772
 Input12> I 372 THETA -44.5482
 Input12> I 373 THETA -145.85
 Input12> I 374 THETA 97.5265
 Input12> I 375 THETA -163.062
 Input12> I 376 THETA -166.369
 Input12> I 377 THETA -64.6877
 Input12> I 378 THETA 158.396
 Input12> I 379 THETA 157.334
 Input12> I 380 THETA 153.139
 Input12> I 381 THETA 27.1811
 Input12> I 382 THETA 22.8208
 Input12> I 383 THETA 21.7148
 Input12> I 384 THETA 66.4826
 Input12> I 385 THETA -138.055
 Input12> I 386 THETA -101.465
 Input12> I 387 THETA -96.8026
 Input12> I 388 THETA -92.2549
 Input12> I 389 THETA -87.7448
 Input12> I 390 THETA -83.1973
 Input12> I 391 THETA -78.535
 Input12> I 392 THETA -80.1307
 Input12> I 393 THETA -83.3126
 Input12> I 394 THETA -87.6257
 Input12> I 395 THETA -92.2381
 Input12> I 396 THETA -96.6814
 Input12> I 397 THETA -100.005
 Input12> 
 Input12> I 1 J 397 K 1 MAT 1
 Input12>! Simcenter Samcef Bank File: Solution Parameters : .ALGO.
 Input12>! --------------------------------------------------------
 Input12>.ALGO
 Input12>    DBPOST 1 ! Generation of Light SDB
 Input12> 
 Input12>! Simcenter Samcef Bank File: .SAI
 Input12>! --------------------------------
 Input12>.SAI
 Input12> ARCHIVE STRUCTURE STYPE -221 !Suppress obsolete code
 Input12>! Element Output Requests
 Input12> ARCHIVE STRUCTURE STYP 1437 3437 1438 3438 ! Normal Forces Moments (Simcenter Samcef default)
 Input12> ARCHIVE STRUCTURE STYP 1524 3524 1525 3525 1251 3251 ! Shear Forces Moments (Simcenter Samcef default)
 Input12> ARCHIVE STRUCTURE STYP 1440 3440 ! Normal Stress Beams Rods (Simcenter Samcef default)
 Input12> ARCHIVE STRUCTURE STYP 1450 3450 ! Shear Stress Beams (Simcenter Samcef default)
 Input12> ARCHIVE STRUCTURE STYP 1411 3411 1436 3436 1435 3435 1431 3431 ! Linear Stress Tensor (Simcenter Samcef default)
 Input12> ARCHIVE STRUCTURE STYP 1421 3421 1446 3446 1445 3445 1528 3528 ! Total Strain Tensor (Simcenter Samcef default)
 Input12>! Nodal Output Requests
 Input12> ARCHIVE STRUCTURE STYP 223 ! Force Reaction (Simcenter Samcef default)
 Input12> ARCHIVE STRUCTURE STYP 224 ! Torque Reaction (Simcenter Samcef default)
 Input12> 
 Input12>! Summary of the model
 Input12>! --------------------
 Input12>! Number of nodes: 511
 Input12>! Minimum node id: 1
 Input12>! Maximum node id: 511
 Input12>! Number of elements: 397
 Input12>! Minimum element id: 1
 Input12>! Maximum element id: 397
 Input12> 
 Input12>!User Epilog
 Input12>!-------------
 Input12>! Declaration of abbreviations for the Epilog:
 Input12>! ==========================================
 Input12>! Greater Node Number:     NUMBERMAXNODE
 Input12>#INQ (/NUMBERMAXNODE,NOD,,MAX)
 Input12>! Greater Element Number:  NUMBERMAXELEMENT
 Input12>#INQ (/NUMBERMAXELEMENT,ELE,,MAX)
 Input12>! Greater Function Number: NUMBERMAXFUNCTION
 Input12>#INQ (/NUMBERMAXFUNCTION,FUN,,MAX)
 Input12>! Greater Material Number: NUMBERMAXMATERIAL
 Input12>#INQ (/NUMBERMAXMATERIAL,MAT,,MAX)
 Input12> 
 Input12> 
 Input12>! No Warning Messages
 Input12>! No Error Messages
 Input12>! No Critical Messages
 Input12> 
 Input12>RETURN

 Samcef File (Binary) :  3 - "C:\Users\tbeau\OneDrive\Documents\Universite\BAC3\F.E.M\FEM-project_24-25\1_ Singularity\Q6 with singularity\belay_v3_sim1-Solution_1.sam"


      SAMCEF FILE CREATION
      ********************
    NR  DATA TYPE            OBJECT NAME   RECORDS
 =================================================
     1  TITLE       
     2  NODES-.NOE            (.NOE)        511
     3  ELEMENT-.MAI          (.MAI)        397
     4  HYPOTHESIS            (.HYP)        397
     5  FIXATIONS             (.CLM)          7

      DB FILE CREATION
      ****************

 Saving the auxiliary memory in the DB ...
 Saving the rotation matrix in the DB ...
 Saving the ABREviations in the DB ...
 Saving the release flag in the DB ...
 Writing the DB on a binary file ...
 DB File     : "C:\Users\tbeau\OneDrive\Documents\Universite\BAC3\F.E.M\FEM-project_24-25\1_ Singularity\Q6 with singularity\belay_v3_sim1-Solution_1.sdb"

@@@CSH:SMGFIN: I_RUNSUCCESS
 -------------------------------------------------------------------------------
 File size statistics
 File name                                                            Size
 -------------------------------------------------------------------------------
 C:\PROGRA~1\Siemens\NX2406\SIMULA~1\samcef\Exec\pilote.dat         216850 Bytes
 C... rity\Q6 with singularity\belay_v3_sim1-Solution_1_ba.w02         751 Bytes
 C... ularity\Q6 with singularity\belay_v3_sim1-Solution_1.sam      148176 Bytes
 C... ularity\Q6 with singularity\belay_v3_sim1-Solution_1.spy        1358 Bytes
 C... ularity\Q6 with singularity\belay_v3_sim1-Solution_1.dat       48907 Bytes
 C... ularity\Q6 with singularity\belay_v3_sim1-Solution_1.sdb    14020984 Bytes
 C:\PROGRA~1\Siemens\NX2406\SIMULA~1\samcef\Exec\dic.dic            536915 Bytes
 C:\PROGRA~1\Siemens\NX2406\SIMULA~1\samcef\Exec\samcef.proc         90626 Bytes
 -------------------------------------------------------------------------------
Simcenter Samcef: Module bacon completed
Simcenter Samcef: Running module asef
@@@CSH:SMGINI: ASEF
@@@CSH:SMGINT: PID =    25392 : Current Process ID
@@@CSH:SMGBEG:  1 /  4 : Data Analysis
@@@CSH:SMGEVO:     1 /     4 : Front Width Optimization
@@@CSH:SMGEVO:     2 /     4 : Dof Numbering
@@@CSH:SMGEVO:     3 /     4 : Substructuring
@@@CSH:SMGEVO:     4 /     4 : Resource Estimation
@@@CSH:SMGINT: NBRDDL =     2596 : Number of dof's
@@@CSH:SMGINF: Disk space report for device "C:\"
@@@CSH:SMGREA: DISKFREE =   624363.000 : Free disk space (Mb).
@@@CSH:SMGREA: DISKREQUIRED =       14.000 : Required disk space (Mb).
@@@CSH:SMGEND: -1 /  4 : Data Analysis
@@@CSH:SMGBEG:  2 /  4 : Element Generation
@@@CSH:SMGEVO:     1 /   397 : Elements generated@@@CSH:SMGEVO:   397 /   397 : Elements generated
@@@CSH:SMGREA: TOTSURF%AREA = 2.9535390894701E-3 : Total surface.
@@@CSH:SMGREA: TOTVOLUME%VOLUME = 3.6919238618376E-5 : Total volume.
@@@CSH:SMGEND: -2 /  4 : Element Generation
@@@CSH:SMGBEG:  3 /  4 : Sparse Solver
@@@CSH:SMGEVO:     0 /   100 : Factorization %@@@CSH:SMGEVO:   100 /   100 : Factorization %
@@@CSH:SMGREA: TOTENERGY%ENERGY =  1.13820075E+00 : Total potential energy, load case 1
@@@CSH:SMGEND: -3 /  4 : Sparse Solver
@@@CSH:SMGBEG:  4 /  4 : Stress Computation
@@@CSH:SMGEVO:     1 /   397 : Elements treated@@@CSH:SMGEVO:   397 /   397 : Elements treated
@@@CSH:SMGEND: -4 /  4 : Stress Computation
@@@CSH:SMGINT: NBRWRN =        0 : Number of warning(s)
@@@CSH:SMGINT: NBRERR =        0 : Number of error(s)
@@@CSH:SMGFIN: I_RUNSUCCESS
Simcenter Samcef: Module asef completed
 User requested workspace             250000000 words  (    2000 MBytes)
@@@CSH:SMGINI: FAC
@@@CSH:SMGINT: PID =     9740 : Current Process ID
 Release 2406 - Build 2406.3011.146 - Date 06-Apr-2024 (LONG INTEGERS)

 ===============================================================================
 Status of the DB            : "belay_v3_sim1-Solution_1"
 ================
 DB created by BACON for tbeau (APR 20 2025 22:26:49)
 modified   by BACON for tbeau (APR 20 2025 22:26:49)
 modified   by ASEF for tbeau (APR 20 2025 22:26:51)
 modified   by FAC for tbeau (APR 20 2025 22:26:53)
 Release                     :   30.1- 1
 DB file name                : "C:\Users\tbeau\OneDrive\Documents\Universite\BAC3\F.E.M\FEM-project_24-25\1_ Singularity\Q6 with singularity\belay_v3_sim1-Solution_1.sdb"
 DB size                     :        2111999 (Max=       649043999)
 Memory allocated            :        2112300
 Size of the garbage         :              1 (  0.00% of the DB size)
 Relational level            :              0
 Object counter              :            922
 Pagination flag             :        on (not yet triggered)
 Swap count                  :              6 page I/O on disk
 Used pages in memory        :             31 on              31
 Used records in swap file   :              0 on            9833
 Page alignment garbage      :            301 (  0.01% of the DB size)
 Archive length :            :              0
 Archive garbage :           :              0
 Archive loading endian swap :              0
 ===============================================================================
 -----------------------------------------------------------------------
    MEMORY ALLOCATION / DB               247877697 /       2112302 WORDS
 -----------------------------------------------------------------------
 +===============================================================+======+======+
 !  Processed Data                                               ! Code ! Type !
 +===============================================================+======+======+
 ! "Creation date of the display file  [APR 20 2025 22:26:53]"   !   24 ! CHAR !
 !---------------------------------------------------------------!------!------!
 ! "Module name  [ASEF]"                                         !   23 ! CHAR !
 !---------------------------------------------------------------!------!------!
 ! "Number of errors  [0]"                                       !   59 ! INTG !
 !---------------------------------------------------------------!------!------!
 ! "Number of warnings  [0]"                                     !   60 ! INTG !
 !---------------------------------------------------------------!------!------!
 ! "CPU Time (Sec.)  [1]"                                        ! 1006 ! INTG !
 !---------------------------------------------------------------!------!------!
 ! "Elapsed Time (Sec.)  [0]"                                    ! 1007 ! INTG !
 !---------------------------------------------------------------!------!------!
 ! "Elements  [397]"                                             !    2 ! INTG !
 !---------------------------------------------------------------!------!------!
 ! "Nodes  [511]"                                                !    1 ! INTG !
 !---------------------------------------------------------------!------!------!
 ! "Nodal coordinates (X,Y,Z)"                                   !  153 ! REAL !
 !---------------------------------------------------------------!------!------!
 ! "Nodal displacements (DX,DY,DZ)"                              !  163 ! REAL !
 !---------------------------------------------------------------!------!------!
 ! "Reaction - effort"                                           !  223 ! REAL !
 !---------------------------------------------------------------!------!------!
 !  "Subset Nr          1"                                       !      !      !
 !---------------------------------------------------------------!------!------!
 ! "Stress tensor"                                               ! 1411 ! REAL !
 !---------------------------------------------------------------!------!------!
 ! "Strain tensor"                                               ! 1421 ! REAL !
 !---------------------------------------------------------------!------!------!
 ! "Stress tensor"                                               ! 3411 ! REAL !
 !---------------------------------------------------------------!------!------!
 ! "Strain tensor"                                               ! 3421 ! REAL !
 !---------------------------------------------------------------!------!------!
 ! "Status of the FAC program"                                   !   62 !      !
 !---------------------------------------------------------------!------!------!
 ! "FAC Pointers"                                                ! 1073 ! INTG !
 !---------------------------------------------------------------!------!------!
 !...Processing [.ALGO DBPOST 1] DB "belay_v3_sim1-Solution_1"                 !
 !   > Keep   "belay_v3_sim1-Solution_1.sdb"                                   !
 !   > Create "belay_v3_sim1-Solution_1_as.sdb"                                !
 !...Cleaning DB "belay_v3_sim1-Solution_1_as"                                 !
 !   >                         DB Size :    2111999 R8     16 Mb               !
 !   >                         Deleted :       1191 Objects                    !
 !   >                     New DB Size :     395999 R8      3 Mb 18.7%         !
 !...Saving DB file "belay_v3_sim1-Solution_1_as.sdb"                          !
 !...Closing DB "belay_v3_sim1-Solution_1"                                     !
@@@CSH:SMGFIN: I_RUNSUCCESS
 -------------------------------------------------------------------------------
 File size statistics
 File name                                                            Size
 -------------------------------------------------------------------------------
 belay_v3_sim1-Solution_1_as.u18                                   1007984 Bytes
 belay_v3_sim1-Solution_1_as.des                                      4502 Bytes
 belay_v3_sim1-Solution_1_as.fac                                    132936 Bytes
 C:\PROGRA~1\Siemens\NX2406\SIMULA~1\samcef\Exec\dic.dic            536915 Bytes
 S000014952\belay_v3_sim1-Solution_1_fa.w07                         134352 Bytes
 S000014952\belay_v3_sim1-Solution_1_fa.w10                         331296 Bytes
 C... rity\Q6 with singularity\belay_v3_sim1-Solution_1_as.sdb     2932312 Bytes
 C... ularity\Q6 with singularity\belay_v3_sim1-Solution_1.sdb    16661144 Bytes
 C:\PROGRA~1\Siemens\NX2406\SIMULA~1\samcef\Exec\samcef.proc         90626 Bytes
 -------------------------------------------------------------------------------
